Using pre-set license
Built from '2020.2/staging' branch; Version is '2020.2.6f1 (8a2143876886) revision 9052483'; Using compiler version '192528614'; Build Type 'Release'
OS: 'Windows 10 Pro; OS build 19041.1348; Version 2004; 64bit' Language: 'ru' Physical Memory: 16258 MB
BatchMode: 1, IsHumanControllingUs: 0, StartBugReporterOnCrash: 0, Is64bit: 1, IsPro: 0

 COMMAND LINE ARGUMENTS:
C:\Program Files\Unity\Hub\Editor\2020.2.6f1\Editor\Unity.exe
-adb2
-batchMode
-noUpm
-name
AssetImportWorker0
-projectPath
E:/MyCode/ZombieHunter
-logFile
Logs/AssetImportWorker0.log
-srvPort
64014
Successfully changed project path to: E:/MyCode/ZombieHunter
E:/MyCode/ZombieHunter
Using Asset Import Pipeline V2.
Refreshing native plugins compatible for Editor in 103.24 ms, found 4 plugins.
Preloading 1 native plugins for Editor in 1.45 ms.
Initialize engine version: 2020.2.6f1 (8a2143876886)
[Subsystems] Discovering subsystems at path C:/Program Files/Unity/Hub/Editor/2020.2.6f1/Editor/Data/Resources/UnitySubsystems
[Subsystems] Discovering subsystems at path E:/MyCode/ZombieHunter/Assets
GfxDevice: creating device client; threaded=0
Direct3D:
    Version:  Direct3D 11.0 [level 11.1]
    Renderer: NVIDIA GeForce GTX 1050 (ID=0x1c8d)
    Vendor:   
    VRAM:     1979 MB
    Driver:   27.21.14.6663
Shader 'Oculus/OVRMRCameraFrameLit': fallback shader 'Alpha-Diffuse' not found
Initialize mono
Mono path[0] = 'C:/Program Files/Unity/Hub/Editor/2020.2.6f1/Editor/Data/Managed'
Mono path[1] = 'C:/Program Files/Unity/Hub/Editor/2020.2.6f1/Editor/Data/MonoBleedingEdge/lib/mono/unityjit'
Mono config path = 'C:/Program Files/Unity/Hub/Editor/2020.2.6f1/Editor/Data/MonoBleedingEdge/etc'
Using monoOptions --debugger-agent=transport=dt_socket,embedding=1,server=y,suspend=n,address=127.0.0.1:56180
Begin MonoManager ReloadAssembly
Registering precompiled unity dll's ...
Register platform support module: C:/Program Files/Unity/Hub/Editor/2020.2.6f1/Editor/Data/PlaybackEngines/WindowsStandaloneSupport/UnityEditor.WindowsStandalone.Extensions.dll
Registered in 0.002562 seconds.
Native extension for WindowsStandalone target not found
Refreshing native plugins compatible for Editor in 93.42 ms, found 4 plugins.
Preloading 1 native plugins for Editor in 0.06 ms.
Invoked RoslynAnalysisRunner static constructor.
RoslynAnalysisRunner will not be running.
RoslynAnalysisRunner has terminated.
Mono: successfully reloaded assembly
- Completed reload, in  3.834 seconds
Platform modules already initialized, skipping
Registering precompiled user dll's ...
Registered in 0.006265 seconds.
Begin MonoManager ReloadAssembly
Native extension for WindowsStandalone target not found
Refreshing native plugins compatible for Editor in 90.52 ms, found 4 plugins.
Preloading 1 native plugins for Editor in 0.04 ms.
Invoked RoslynAnalysisRunner static constructor.
RoslynAnalysisRunner will not be running.
RoslynAnalysisRunner has terminated.
NullReferenceException: Object reference not set to an instance of an object
  at Unity.XR.Oculus.OculusLoader.AssetPathToAbsolutePath (System.String assetPath) [0x0004c] in E:\MyCode\ZombieHunter\Library\PackageCache\com.unity.xr.oculus@1.7.0\Runtime\OculusLoader.cs:243 
  at Unity.XR.Oculus.OculusLoader.EditorLoadOVRPlugin () [0x000b0] in E:\MyCode\ZombieHunter\Library\PackageCache\com.unity.xr.oculus@1.7.0\Runtime\OculusLoader.cs:228 

(Filename: Library/PackageCache/com.unity.xr.oculus@1.7.0/Runtime/OculusLoader.cs Line: 243)

Mono: successfully reloaded assembly
- Completed reload, in  1.609 seconds
Platform modules already initialized, skipping
========================================================================
Worker process is ready to serve import requests
Shader 'Oculus/OVRMRCameraFrameLit': fallback shader 'Alpha-Diffuse' not found
Launched and connected shader compiler UnityShaderCompiler.exe after 0.07 seconds
Refreshing native plugins compatible for Editor in 1.81 ms, found 4 plugins.
Preloading 1 native plugins for Editor in 0.10 ms.
Unloading 2249 Unused Serialized files (Serialized files now loaded: 0)
System memory in use before: 105.3 MB.
System memory in use after: 105.4 MB.

Unloading 30 unused Assets to reduce memory usage. Loaded Objects now: 2681.
Total: 2.482800 ms (FindLiveObjects: 0.302900 ms CreateObjectMapping: 0.121600 ms MarkObjects: 1.964700 ms  DeleteObjects: 0.092300 ms)

========================================================================
Received Import Request.
  path: Assets/ZombieHunter/Wave/WaveController.cs
  artifactKey: Guid(0ac197351b97ee24098647c10c617531) Importer(815301076,1909f56bfc062723c751e8b465ee728b)
Start importing Assets/ZombieHunter/Wave/WaveController.cs using Guid(0ac197351b97ee24098647c10c617531) Importer(815301076,1909f56bfc062723c751e8b465ee728b)  -> (artifact id: '297e8a1d70ec7cef802e40c95eabd827') in 0.035011 seconds
  Import took 0.041351 seconds .

========================================================================
Received Import Request.
  Time since last request: 114.052886 seconds.
  path: Assets/ZombieHunter/Wave/Enemy/Prefabs/F_AA_001.prefab
  artifactKey: Guid(4a3c4c173b4d98b4f8deab50ca3f4fee) Importer(815301076,1909f56bfc062723c751e8b465ee728b)
Start importing Assets/ZombieHunter/Wave/Enemy/Prefabs/F_AA_001.prefab using Guid(4a3c4c173b4d98b4f8deab50ca3f4fee) Importer(815301076,1909f56bfc062723c751e8b465ee728b)  -> (artifact id: '163567da98637c528143e0a4ef17b3c9') in 0.393799 seconds
  Import took 0.430496 seconds .

========================================================================
Received Import Request.
  Time since last request: 0.009850 seconds.
  path: Assets/ZombieHunter/Wave/Enemy/Prefabs/F_AA_002.prefab
  artifactKey: Guid(33a5d59669657c843b65fbb1817039be) Importer(815301076,1909f56bfc062723c751e8b465ee728b)
Start importing Assets/ZombieHunter/Wave/Enemy/Prefabs/F_AA_002.prefab using Guid(33a5d59669657c843b65fbb1817039be) Importer(815301076,1909f56bfc062723c751e8b465ee728b)  -> (artifact id: 'd56a2fd626f0e672225d76ea8819d740') in 0.044280 seconds
  Import took 0.097306 seconds .

========================================================================
Received Import Request.
  Time since last request: 1.427164 seconds.
  path: Assets/ZombieHunter/Wave/Enemy/AnimFix.cs
  artifactKey: Guid(4d44bee843354234cb4305f725a6186c) Importer(815301076,1909f56bfc062723c751e8b465ee728b)
Start importing Assets/ZombieHunter/Wave/Enemy/AnimFix.cs using Guid(4d44bee843354234cb4305f725a6186c) Importer(815301076,1909f56bfc062723c751e8b465ee728b)  -> (artifact id: 'a363673df8460b9bd135452cc7256875') in 0.002229 seconds
  Import took 0.049312 seconds .

========================================================================
Received Import Request.
  Time since last request: 0.450022 seconds.
  path: Assets/ZombieHunter/Wave/Enemy/Prefabs/UniversalCharacterAll.prefab
  artifactKey: Guid(9317aac7853450c438565ca27b663849) Importer(815301076,1909f56bfc062723c751e8b465ee728b)
Start importing Assets/ZombieHunter/Wave/Enemy/Prefabs/UniversalCharacterAll.prefab using Guid(9317aac7853450c438565ca27b663849) Importer(815301076,1909f56bfc062723c751e8b465ee728b)  -> (artifact id: '370c07812ac5453acd4bc87be1b8d263') in 0.057409 seconds
  Import took 0.165593 seconds .

========================================================================
Received Import Request.
  Time since last request: 53.104667 seconds.
  path: Assets/ZombieHunter/Wave/Enemy/Enemy.cs
  artifactKey: Guid(e94ef3896da3470d8d2d0e5eaf449f7c) Importer(815301076,1909f56bfc062723c751e8b465ee728b)
Start importing Assets/ZombieHunter/Wave/Enemy/Enemy.cs using Guid(e94ef3896da3470d8d2d0e5eaf449f7c) Importer(815301076,1909f56bfc062723c751e8b465ee728b)  -> (artifact id: '27e59cb4b9b29c7c482ba1dc6d1c6185') in 0.002558 seconds
  Import took 0.112811 seconds .

========================================================================
Received Prepare
Registering precompiled user dll's ...
Registered in 0.002769 seconds.
Begin MonoManager ReloadAssembly
Native extension for WindowsStandalone target not found
Refreshing native plugins compatible for Editor in 0.84 ms, found 4 plugins.
Preloading 1 native plugins for Editor in 0.06 ms.
Invoked RoslynAnalysisRunner static constructor.
RoslynAnalysisRunner will not be running.
RoslynAnalysisRunner has terminated.
NullReferenceException: Object reference not set to an instance of an object
  at Unity.XR.Oculus.OculusLoader.AssetPathToAbsolutePath (System.String assetPath) [0x0004c] in E:\MyCode\ZombieHunter\Library\PackageCache\com.unity.xr.oculus@1.7.0\Runtime\OculusLoader.cs:243 
  at Unity.XR.Oculus.OculusLoader.EditorLoadOVRPlugin () [0x000b0] in E:\MyCode\ZombieHunter\Library\PackageCache\com.unity.xr.oculus@1.7.0\Runtime\OculusLoader.cs:228 

(Filename: Library/PackageCache/com.unity.xr.oculus@1.7.0/Runtime/OculusLoader.cs Line: 243)

Mono: successfully reloaded assembly
- Completed reload, in  1.051 seconds
Platform modules already initialized, skipping
Shader 'Oculus/OVRMRCameraFrameLit': fallback shader 'Alpha-Diffuse' not found
Refreshing native plugins compatible for Editor in 0.85 ms, found 4 plugins.
Preloading 1 native plugins for Editor in 0.04 ms.
Unloading 2179 Unused Serialized files (Serialized files now loaded: 0)
System memory in use before: 118.1 MB.
System memory in use after: 118.2 MB.

Unloading 23 unused Assets to reduce memory usage. Loaded Objects now: 2693.
Total: 2.267600 ms (FindLiveObjects: 0.370300 ms CreateObjectMapping: 0.144900 ms MarkObjects: 1.726200 ms  DeleteObjects: 0.024700 ms)

========================================================================
Received Prepare
Registering precompiled user dll's ...
Registered in 0.002382 seconds.
Begin MonoManager ReloadAssembly
Native extension for WindowsStandalone target not found
Refreshing native plugins compatible for Editor in 1.14 ms, found 4 plugins.
Preloading 1 native plugins for Editor in 0.07 ms.
Invoked RoslynAnalysisRunner static constructor.
RoslynAnalysisRunner will not be running.
RoslynAnalysisRunner has terminated.
NullReferenceException: Object reference not set to an instance of an object
  at Unity.XR.Oculus.OculusLoader.AssetPathToAbsolutePath (System.String assetPath) [0x0004c] in E:\MyCode\ZombieHunter\Library\PackageCache\com.unity.xr.oculus@1.7.0\Runtime\OculusLoader.cs:243 
  at Unity.XR.Oculus.OculusLoader.EditorLoadOVRPlugin () [0x000b0] in E:\MyCode\ZombieHunter\Library\PackageCache\com.unity.xr.oculus@1.7.0\Runtime\OculusLoader.cs:228 

(Filename: Library/PackageCache/com.unity.xr.oculus@1.7.0/Runtime/OculusLoader.cs Line: 243)

Mono: successfully reloaded assembly
- Completed reload, in  1.006 seconds
Platform modules already initialized, skipping
Shader 'Oculus/OVRMRCameraFrameLit': fallback shader 'Alpha-Diffuse' not found
Refreshing native plugins compatible for Editor in 0.74 ms, found 4 plugins.
Preloading 1 native plugins for Editor in 0.04 ms.
Unloading 2180 Unused Serialized files (Serialized files now loaded: 0)
System memory in use before: 118.2 MB.
System memory in use after: 118.3 MB.

Unloading 23 unused Assets to reduce memory usage. Loaded Objects now: 2697.
Total: 2.191400 ms (FindLiveObjects: 0.245500 ms CreateObjectMapping: 0.091800 ms MarkObjects: 1.829800 ms  DeleteObjects: 0.022600 ms)

========================================================================
Received Prepare
Registering precompiled user dll's ...
Registered in 0.003132 seconds.
Begin MonoManager ReloadAssembly
Native extension for WindowsStandalone target not found
Refreshing native plugins compatible for Editor in 0.83 ms, found 4 plugins.
Preloading 1 native plugins for Editor in 0.05 ms.
Invoked RoslynAnalysisRunner static constructor.
RoslynAnalysisRunner will not be running.
RoslynAnalysisRunner has terminated.
NullReferenceException: Object reference not set to an instance of an object
  at Unity.XR.Oculus.OculusLoader.AssetPathToAbsolutePath (System.String assetPath) [0x0004c] in E:\MyCode\ZombieHunter\Library\PackageCache\com.unity.xr.oculus@1.7.0\Runtime\OculusLoader.cs:243 
  at Unity.XR.Oculus.OculusLoader.EditorLoadOVRPlugin () [0x000b0] in E:\MyCode\ZombieHunter\Library\PackageCache\com.unity.xr.oculus@1.7.0\Runtime\OculusLoader.cs:228 

(Filename: Library/PackageCache/com.unity.xr.oculus@1.7.0/Runtime/OculusLoader.cs Line: 243)

Mono: successfully reloaded assembly
- Completed reload, in  0.916 seconds
Platform modules already initialized, skipping
Shader 'Oculus/OVRMRCameraFrameLit': fallback shader 'Alpha-Diffuse' not found
Refreshing native plugins compatible for Editor in 0.66 ms, found 4 plugins.
Preloading 1 native plugins for Editor in 0.03 ms.
Unloading 2180 Unused Serialized files (Serialized files now loaded: 0)
System memory in use before: 118.2 MB.
System memory in use after: 118.3 MB.

Unloading 23 unused Assets to reduce memory usage. Loaded Objects now: 2700.
Total: 2.384500 ms (FindLiveObjects: 0.439700 ms CreateObjectMapping: 0.249700 ms MarkObjects: 1.674500 ms  DeleteObjects: 0.019700 ms)

========================================================================
Received Import Request.
  Time since last request: 16777.858416 seconds.
  path: Assets/ZombieHunter/Wave/Enemy/Prefabs/FemaleCharacter.prefab
  artifactKey: Guid(4a3c4c173b4d98b4f8deab50ca3f4fee) Importer(815301076,1909f56bfc062723c751e8b465ee728b)
Start importing Assets/ZombieHunter/Wave/Enemy/Prefabs/FemaleCharacter.prefab using Guid(4a3c4c173b4d98b4f8deab50ca3f4fee) Importer(815301076,1909f56bfc062723c751e8b465ee728b)  -> (artifact id: 'e28b168675f810e13981483039d6c7f0') in 0.104619 seconds
  Import took 0.124639 seconds .

========================================================================
Received Import Request.
  Time since last request: 10.147571 seconds.
  path: Assets/ZombieHunter/Wave/Enemy/Prefabs/FemaleCharacterArmor.prefab
  artifactKey: Guid(4a3c4c173b4d98b4f8deab50ca3f4fee) Importer(815301076,1909f56bfc062723c751e8b465ee728b)
Start importing Assets/ZombieHunter/Wave/Enemy/Prefabs/FemaleCharacterArmor.prefab using Guid(4a3c4c173b4d98b4f8deab50ca3f4fee) Importer(815301076,1909f56bfc062723c751e8b465ee728b)  -> (artifact id: 'b1c03befcf277b4497283e3eb1207e13') in 0.030392 seconds
  Import took 0.045796 seconds .

========================================================================
Received Import Request.
  Time since last request: 0.010925 seconds.
  path: Assets/ZombieHunter/Wave/Enemy/Prefabs/FemaleCharacterArmor.prefab
  artifactKey: Guid(4a3c4c173b4d98b4f8deab50ca3f4fee) Importer(815301076,1909f56bfc062723c751e8b465ee728b)
Start importing Assets/ZombieHunter/Wave/Enemy/Prefabs/FemaleCharacterArmor.prefab using Guid(4a3c4c173b4d98b4f8deab50ca3f4fee) Importer(815301076,1909f56bfc062723c751e8b465ee728b)  -> (artifact id: 'b1c03befcf277b4497283e3eb1207e13') in 0.033963 seconds
  Import took 0.042528 seconds .

========================================================================
Received Import Request.
  Time since last request: 18.361791 seconds.
  path: Assets/ZombieHunter/Wave/Enemy/Prefabs/FemaleCharacter.prefab
  artifactKey: Guid(33a5d59669657c843b65fbb1817039be) Importer(815301076,1909f56bfc062723c751e8b465ee728b)
Start importing Assets/ZombieHunter/Wave/Enemy/Prefabs/FemaleCharacter.prefab using Guid(33a5d59669657c843b65fbb1817039be) Importer(815301076,1909f56bfc062723c751e8b465ee728b)  -> (artifact id: 'd07ccba5de98a29afecab180c9d0e067') in 0.028754 seconds
  Import took 0.061389 seconds .

========================================================================
Received Import Request.
  Time since last request: 22.825797 seconds.
  path: Assets/ZombieHunter/Wave/Enemy/Prefabs/FemaleCharacterClothes.prefab
  artifactKey: Guid(33a5d59669657c843b65fbb1817039be) Importer(815301076,1909f56bfc062723c751e8b465ee728b)
Start importing Assets/ZombieHunter/Wave/Enemy/Prefabs/FemaleCharacterClothes.prefab using Guid(33a5d59669657c843b65fbb1817039be) Importer(815301076,1909f56bfc062723c751e8b465ee728b)  -> (artifact id: '23946c73ef616ecf691612e6e4ef39e0') in 0.037342 seconds
  Import took 0.062755 seconds .

========================================================================
Received Import Request.
  Time since last request: 0.000901 seconds.
  path: Assets/ZombieHunter/Wave/Enemy/Prefabs/FemaleCharacterClothes.prefab
  artifactKey: Guid(33a5d59669657c843b65fbb1817039be) Importer(815301076,1909f56bfc062723c751e8b465ee728b)
Start importing Assets/ZombieHunter/Wave/Enemy/Prefabs/FemaleCharacterClothes.prefab using Guid(33a5d59669657c843b65fbb1817039be) Importer(815301076,1909f56bfc062723c751e8b465ee728b)  -> (artifact id: '23946c73ef616ecf691612e6e4ef39e0') in 0.035960 seconds
  Import took 0.042995 seconds .

========================================================================
Received Import Request.
  Time since last request: 41.389764 seconds.
  path: Assets/ZombieHunter/Wave/Enemy/Prefabs/MaleCharacterArmor.prefab
  artifactKey: Guid(44a6be54adbb480478cd53eb50946894) Importer(815301076,1909f56bfc062723c751e8b465ee728b)
Start importing Assets/ZombieHunter/Wave/Enemy/Prefabs/MaleCharacterArmor.prefab using Guid(44a6be54adbb480478cd53eb50946894) Importer(815301076,1909f56bfc062723c751e8b465ee728b)  -> (artifact id: 'f862d055664502b71bf3afb55b33ed34') in 0.030750 seconds
  Import took 0.077618 seconds .

========================================================================
Received Import Request.
  Time since last request: 11.221885 seconds.
  path: Assets/ZombieHunter/Wave/Enemy/Prefabs/MaleCharacterClothes.prefab
  artifactKey: Guid(adf5a0e0c11e86444bbc61a1e5748913) Importer(815301076,1909f56bfc062723c751e8b465ee728b)
Start importing Assets/ZombieHunter/Wave/Enemy/Prefabs/MaleCharacterClothes.prefab using Guid(adf5a0e0c11e86444bbc61a1e5748913) Importer(815301076,1909f56bfc062723c751e8b465ee728b)  -> (artifact id: 'a8516601c28c2f0ac4b6c81839c9182c') in 0.030323 seconds
  Import took 0.073979 seconds .

========================================================================
Received Import Request.
  Time since last request: 35.191204 seconds.
  path: Assets/ZombieHunter/Wave/Enemy
  artifactKey: Guid(917bfc3a1331490db4af64a67601a4c2) Importer(815301076,1909f56bfc062723c751e8b465ee728b)
Start importing Assets/ZombieHunter/Wave/Enemy using Guid(917bfc3a1331490db4af64a67601a4c2) Importer(815301076,1909f56bfc062723c751e8b465ee728b)  -> (artifact id: '42a3de3e20abb137b659a9db072cad14') in 0.002166 seconds
  Import took 0.108919 seconds .

========================================================================
Received Import Request.
  Time since last request: 7.421951 seconds.
  path: Assets/ZombieHunter/Wave/Enemy/Configs
  artifactKey: Guid(6d4fb7ab82242bd4e98f5a3849bd915d) Importer(815301076,1909f56bfc062723c751e8b465ee728b)
Start importing Assets/ZombieHunter/Wave/Enemy/Configs using Guid(6d4fb7ab82242bd4e98f5a3849bd915d) Importer(815301076,1909f56bfc062723c751e8b465ee728b)  -> (artifact id: '8cfec815124d78a0076fba7b0689d196') in 0.001961 seconds
  Import took 0.020117 seconds .

========================================================================
Received Import Request.
  Time since last request: 0.008482 seconds.
  path: Assets/ZombieHunter/Wave/Enemy/Configs
  artifactKey: Guid(6d4fb7ab82242bd4e98f5a3849bd915d) Importer(815301076,1909f56bfc062723c751e8b465ee728b)
Start importing Assets/ZombieHunter/Wave/Enemy/Configs using Guid(6d4fb7ab82242bd4e98f5a3849bd915d) Importer(815301076,1909f56bfc062723c751e8b465ee728b)  -> (artifact id: '8cfec815124d78a0076fba7b0689d196') in 0.002302 seconds
  Import took 0.005983 seconds .

========================================================================
Received Import Request.
  Time since last request: 9.305270 seconds.
  path: Assets/ZombieHunter/Wave/Enemy/Configs/EnemyConfig.asset
  artifactKey: Guid(ffa99b0e2b57dfc4791c2e238d8e0a9d) Importer(815301076,1909f56bfc062723c751e8b465ee728b)
Start importing Assets/ZombieHunter/Wave/Enemy/Configs/EnemyConfig.asset using Guid(ffa99b0e2b57dfc4791c2e238d8e0a9d) Importer(815301076,1909f56bfc062723c751e8b465ee728b)  -> (artifact id: '12a58bc89d23dc12ded8ed63eff0f7bf') in 0.006997 seconds
  Import took 0.028593 seconds .

========================================================================
Received Import Request.
  Time since last request: 0.017821 seconds.
  path: Assets/ZombieHunter/Wave/Enemy/Configs/EnemyConfig.asset
  artifactKey: Guid(ffa99b0e2b57dfc4791c2e238d8e0a9d) Importer(815301076,1909f56bfc062723c751e8b465ee728b)
Start importing Assets/ZombieHunter/Wave/Enemy/Configs/EnemyConfig.asset using Guid(ffa99b0e2b57dfc4791c2e238d8e0a9d) Importer(815301076,1909f56bfc062723c751e8b465ee728b)  -> (artifact id: '12a58bc89d23dc12ded8ed63eff0f7bf') in 0.004246 seconds
  Import took 0.008881 seconds .

========================================================================
Received Import Request.
  Time since last request: 51.236670 seconds.
  path: Assets/ZombieHunter/Wave/Enemy/Enemy.cs
  artifactKey: Guid(e94ef3896da3470d8d2d0e5eaf449f7c) Importer(815301076,1909f56bfc062723c751e8b465ee728b)
Start importing Assets/ZombieHunter/Wave/Enemy/Enemy.cs using Guid(e94ef3896da3470d8d2d0e5eaf449f7c) Importer(815301076,1909f56bfc062723c751e8b465ee728b)  -> (artifact id: '1c219927e1e3c3aba9ab61cd9e6e6b3e') in 0.001961 seconds
  Import took 1.412635 seconds .

========================================================================
Received Prepare
Registering precompiled user dll's ...
Registered in 0.002236 seconds.
Begin MonoManager ReloadAssembly
Native extension for WindowsStandalone target not found
Refreshing native plugins compatible for Editor in 0.68 ms, found 4 plugins.
Preloading 1 native plugins for Editor in 0.05 ms.
Invoked RoslynAnalysisRunner static constructor.
RoslynAnalysisRunner will not be running.
RoslynAnalysisRunner has terminated.
NullReferenceException: Object reference not set to an instance of an object
  at Unity.XR.Oculus.OculusLoader.AssetPathToAbsolutePath (System.String assetPath) [0x0004c] in E:\MyCode\ZombieHunter\Library\PackageCache\com.unity.xr.oculus@1.7.0\Runtime\OculusLoader.cs:243 
  at Unity.XR.Oculus.OculusLoader.EditorLoadOVRPlugin () [0x000b0] in E:\MyCode\ZombieHunter\Library\PackageCache\com.unity.xr.oculus@1.7.0\Runtime\OculusLoader.cs:228 

(Filename: Library/PackageCache/com.unity.xr.oculus@1.7.0/Runtime/OculusLoader.cs Line: 243)

Mono: successfully reloaded assembly
- Completed reload, in  0.955 seconds
Platform modules already initialized, skipping
Shader 'Oculus/OVRMRCameraFrameLit': fallback shader 'Alpha-Diffuse' not found
Refreshing native plugins compatible for Editor in 0.70 ms, found 4 plugins.
Preloading 1 native plugins for Editor in 0.04 ms.
Unloading 2180 Unused Serialized files (Serialized files now loaded: 0)
System memory in use before: 118.4 MB.
System memory in use after: 118.5 MB.

Unloading 23 unused Assets to reduce memory usage. Loaded Objects now: 2704.
Total: 2.272000 ms (FindLiveObjects: 0.260700 ms CreateObjectMapping: 0.120800 ms MarkObjects: 1.868400 ms  DeleteObjects: 0.020700 ms)

========================================================================
Received Import Request.
  Time since last request: 657.599740 seconds.
  path: Assets/ZombieHunter/Wave/Enemy/Enemy.cs
  artifactKey: Guid(e94ef3896da3470d8d2d0e5eaf449f7c) Importer(815301076,1909f56bfc062723c751e8b465ee728b)
Start importing Assets/ZombieHunter/Wave/Enemy/Enemy.cs using Guid(e94ef3896da3470d8d2d0e5eaf449f7c) Importer(815301076,1909f56bfc062723c751e8b465ee728b)  -> (artifact id: '7c21c6a2f4bc41bf93503531d0ecfa40') in 0.004128 seconds
  Import took 0.033778 seconds .

========================================================================
Received Prepare
Registering precompiled user dll's ...
Registered in 0.002272 seconds.
Begin MonoManager ReloadAssembly
Native extension for WindowsStandalone target not found
Refreshing native plugins compatible for Editor in 0.70 ms, found 4 plugins.
Preloading 1 native plugins for Editor in 0.05 ms.
Invoked RoslynAnalysisRunner static constructor.
RoslynAnalysisRunner will not be running.
RoslynAnalysisRunner has terminated.
NullReferenceException: Object reference not set to an instance of an object
  at Unity.XR.Oculus.OculusLoader.AssetPathToAbsolutePath (System.String assetPath) [0x0004c] in E:\MyCode\ZombieHunter\Library\PackageCache\com.unity.xr.oculus@1.7.0\Runtime\OculusLoader.cs:243 
  at Unity.XR.Oculus.OculusLoader.EditorLoadOVRPlugin () [0x000b0] in E:\MyCode\ZombieHunter\Library\PackageCache\com.unity.xr.oculus@1.7.0\Runtime\OculusLoader.cs:228 

(Filename: Library/PackageCache/com.unity.xr.oculus@1.7.0/Runtime/OculusLoader.cs Line: 243)

Mono: successfully reloaded assembly
- Completed reload, in  1.007 seconds
Platform modules already initialized, skipping
Shader 'Oculus/OVRMRCameraFrameLit': fallback shader 'Alpha-Diffuse' not found
Refreshing native plugins compatible for Editor in 0.72 ms, found 4 plugins.
Preloading 1 native plugins for Editor in 0.03 ms.
Unloading 2180 Unused Serialized files (Serialized files now loaded: 0)
System memory in use before: 118.4 MB.
System memory in use after: 118.6 MB.

Unloading 23 unused Assets to reduce memory usage. Loaded Objects now: 2707.
Total: 2.941600 ms (FindLiveObjects: 0.682500 ms CreateObjectMapping: 0.245300 ms MarkObjects: 1.985600 ms  DeleteObjects: 0.027000 ms)

========================================================================
Received Import Request.
  Time since last request: 35.048711 seconds.
  path: Assets/ZombieHunter/Wave/Enemy/Prefabs/FemaleCharacterArmor.prefab
  artifactKey: Guid(4a3c4c173b4d98b4f8deab50ca3f4fee) Importer(815301076,1909f56bfc062723c751e8b465ee728b)
Start importing Assets/ZombieHunter/Wave/Enemy/Prefabs/FemaleCharacterArmor.prefab using Guid(4a3c4c173b4d98b4f8deab50ca3f4fee) Importer(815301076,1909f56bfc062723c751e8b465ee728b)  -> (artifact id: 'c6c47cddf9b767071156d65cd9d230f7') in 0.090562 seconds
  Import took 0.195015 seconds .

========================================================================
Received Import Request.
  Time since last request: 4.377651 seconds.
  path: Assets/ZombieHunter/Wave/Enemy/Prefabs/FemaleCharacterArmor.prefab
  artifactKey: Guid(4a3c4c173b4d98b4f8deab50ca3f4fee) Importer(815301076,1909f56bfc062723c751e8b465ee728b)
Start importing Assets/ZombieHunter/Wave/Enemy/Prefabs/FemaleCharacterArmor.prefab using Guid(4a3c4c173b4d98b4f8deab50ca3f4fee) Importer(815301076,1909f56bfc062723c751e8b465ee728b)  -> (artifact id: 'b0e80a9143eaf80004ee8216c8e9cf91') in 0.043464 seconds
  Import took 0.073532 seconds .

========================================================================
Received Import Request.
  Time since last request: 3.061722 seconds.
  path: Assets/ZombieHunter/Wave/Enemy/Prefabs/UniversalCharacterAll.prefab
  artifactKey: Guid(9317aac7853450c438565ca27b663849) Importer(815301076,1909f56bfc062723c751e8b465ee728b)
Start importing Assets/ZombieHunter/Wave/Enemy/Prefabs/UniversalCharacterAll.prefab using Guid(9317aac7853450c438565ca27b663849) Importer(815301076,1909f56bfc062723c751e8b465ee728b)  -> (artifact id: '1b8fa1c75c81aac1f59d6fba77f28754') in 0.049902 seconds
  Import took 0.159538 seconds .

========================================================================
Received Import Request.
  Time since last request: 8.520213 seconds.
  path: Assets/ZombieHunter/Wave/Enemy/Prefabs/FemaleCharacterClothes.prefab
  artifactKey: Guid(33a5d59669657c843b65fbb1817039be) Importer(815301076,1909f56bfc062723c751e8b465ee728b)
Start importing Assets/ZombieHunter/Wave/Enemy/Prefabs/FemaleCharacterClothes.prefab using Guid(33a5d59669657c843b65fbb1817039be) Importer(815301076,1909f56bfc062723c751e8b465ee728b)  -> (artifact id: '083e80af14595cfbd39b1f21af7405f3') in 0.034545 seconds
  Import took 0.059929 seconds .

========================================================================
Received Import Request.
  Time since last request: 2.310049 seconds.
  path: Assets/ZombieHunter/Wave/Enemy/Prefabs/MaleCharacterArmor.prefab
  artifactKey: Guid(44a6be54adbb480478cd53eb50946894) Importer(815301076,1909f56bfc062723c751e8b465ee728b)
Start importing Assets/ZombieHunter/Wave/Enemy/Prefabs/MaleCharacterArmor.prefab using Guid(44a6be54adbb480478cd53eb50946894) Importer(815301076,1909f56bfc062723c751e8b465ee728b)  -> (artifact id: 'e72a69d01f01b97acd5e61f2f785ab6a') in 0.029390 seconds
  Import took 0.143577 seconds .

========================================================================
Received Import Request.
  Time since last request: 0.270191 seconds.
  path: Assets/ZombieHunter/Wave/Enemy/Prefabs/MaleCharacterClothes.prefab
  artifactKey: Guid(adf5a0e0c11e86444bbc61a1e5748913) Importer(815301076,1909f56bfc062723c751e8b465ee728b)
Start importing Assets/ZombieHunter/Wave/Enemy/Prefabs/MaleCharacterClothes.prefab using Guid(adf5a0e0c11e86444bbc61a1e5748913) Importer(815301076,1909f56bfc062723c751e8b465ee728b)  -> (artifact id: '143907e4f90dda25bef52445e384e15c') in 0.030923 seconds
  Import took 0.187919 seconds .

========================================================================
Received Import Request.
  Time since last request: 0.190688 seconds.
  path: Assets/ZombieHunter/Wave/Enemy/Prefabs/UniversalCharacter.prefab
  artifactKey: Guid(be2afc50546d5374fbbf9077385032fc) Importer(815301076,1909f56bfc062723c751e8b465ee728b)
Start importing Assets/ZombieHunter/Wave/Enemy/Prefabs/UniversalCharacter.prefab using Guid(be2afc50546d5374fbbf9077385032fc) Importer(815301076,1909f56bfc062723c751e8b465ee728b)  -> (artifact id: 'fc3af518badf5743daa6ad093d8a6728') in 0.032639 seconds
  Import took 0.044853 seconds .

========================================================================
Received Import Request.
  Time since last request: 0.003965 seconds.
  path: Assets/ZombieHunter/Wave/Enemy/Prefabs/UniversalCharacter.prefab
  artifactKey: Guid(be2afc50546d5374fbbf9077385032fc) Importer(815301076,1909f56bfc062723c751e8b465ee728b)
Start importing Assets/ZombieHunter/Wave/Enemy/Prefabs/UniversalCharacter.prefab using Guid(be2afc50546d5374fbbf9077385032fc) Importer(815301076,1909f56bfc062723c751e8b465ee728b)  -> (artifact id: 'fc3af518badf5743daa6ad093d8a6728') in 0.030305 seconds
  Import took 0.037607 seconds .

========================================================================
Received Import Request.
  Time since last request: 0.467233 seconds.
  path: Assets/ZombieHunter/Wave/Enemy/Prefabs/UniversalCharacterAll.prefab
  artifactKey: Guid(9317aac7853450c438565ca27b663849) Importer(815301076,1909f56bfc062723c751e8b465ee728b)
Start importing Assets/ZombieHunter/Wave/Enemy/Prefabs/UniversalCharacterAll.prefab using Guid(9317aac7853450c438565ca27b663849) Importer(815301076,1909f56bfc062723c751e8b465ee728b)  -> (artifact id: '6eadff6ab4f3cc62e40149f28490db3b') in 0.049891 seconds
  Import took 0.161635 seconds .

========================================================================
Received Import Request.
  Time since last request: 27.689896 seconds.
  path: Assets/ZombieHunter/Wave/Enemy/Configs/FemaleCharacterArmorConfig.asset
  artifactKey: Guid(ffa99b0e2b57dfc4791c2e238d8e0a9d) Importer(815301076,1909f56bfc062723c751e8b465ee728b)
Start importing Assets/ZombieHunter/Wave/Enemy/Configs/FemaleCharacterArmorConfig.asset using Guid(ffa99b0e2b57dfc4791c2e238d8e0a9d) Importer(815301076,1909f56bfc062723c751e8b465ee728b)  -> (artifact id: 'fefd9d0e03a970748af86e10b38c7345') in 0.005102 seconds
  Import took 0.009486 seconds .

========================================================================
Received Import Request.
  Time since last request: 4.352155 seconds.
  path: Assets/ZombieHunter/Wave/Enemy/Configs/FemaleCharacterArmorConfig 1.asset
  artifactKey: Guid(d997c7b2f074c1f4cb5c67d079c0eb7e) Importer(815301076,1909f56bfc062723c751e8b465ee728b)
Start importing Assets/ZombieHunter/Wave/Enemy/Configs/FemaleCharacterArmorConfig 1.asset using Guid(d997c7b2f074c1f4cb5c67d079c0eb7e) Importer(815301076,1909f56bfc062723c751e8b465ee728b)  -> (artifact id: 'b3d18e1c933f8297977935f6e406417f') in 0.005249 seconds
  Import took 0.010488 seconds .

========================================================================
Received Import Request.
  Time since last request: 19.462928 seconds.
  path: Assets/ZombieHunter/Wave/Enemy/Configs/FemaleCharacterClothesConfig.asset
  artifactKey: Guid(d997c7b2f074c1f4cb5c67d079c0eb7e) Importer(815301076,1909f56bfc062723c751e8b465ee728b)
Start importing Assets/ZombieHunter/Wave/Enemy/Configs/FemaleCharacterClothesConfig.asset using Guid(d997c7b2f074c1f4cb5c67d079c0eb7e) Importer(815301076,1909f56bfc062723c751e8b465ee728b)  -> (artifact id: '63818fc303bb23acd264e5a4603b54b1') in 0.003383 seconds
  Import took 0.028039 seconds .

========================================================================
Received Import Request.
  Time since last request: 0.006555 seconds.
  path: Assets/ZombieHunter/Wave/Enemy/Configs/FemaleCharacterClothesConfig.asset
  artifactKey: Guid(d997c7b2f074c1f4cb5c67d079c0eb7e) Importer(815301076,1909f56bfc062723c751e8b465ee728b)
Start importing Assets/ZombieHunter/Wave/Enemy/Configs/FemaleCharacterClothesConfig.asset using Guid(d997c7b2f074c1f4cb5c67d079c0eb7e) Importer(815301076,1909f56bfc062723c751e8b465ee728b)  -> (artifact id: '63818fc303bb23acd264e5a4603b54b1') in 0.003789 seconds
  Import took 0.011108 seconds .

========================================================================
Received Import Request.
  Time since last request: 3.868121 seconds.
  path: Assets/ZombieHunter/Wave/Enemy/Configs/FemaleCharacterArmorConfig.asset
  artifactKey: Guid(ffa99b0e2b57dfc4791c2e238d8e0a9d) Importer(815301076,1909f56bfc062723c751e8b465ee728b)
Start importing Assets/ZombieHunter/Wave/Enemy/Configs/FemaleCharacterArmorConfig.asset using Guid(ffa99b0e2b57dfc4791c2e238d8e0a9d) Importer(815301076,1909f56bfc062723c751e8b465ee728b)  -> (artifact id: '8b4c03431c913fe340c08d62d49d129f') in 0.004403 seconds
  Import took 0.114856 seconds .

========================================================================
Received Import Request.
  Time since last request: 2.487182 seconds.
  path: Assets/ZombieHunter/Wave/Enemy/Configs/FemaleCharacterClothesConfig 1.asset
  artifactKey: Guid(9501e1db51534654c873b4050ae5d5b7) Importer(815301076,1909f56bfc062723c751e8b465ee728b)
Start importing Assets/ZombieHunter/Wave/Enemy/Configs/FemaleCharacterClothesConfig 1.asset using Guid(9501e1db51534654c873b4050ae5d5b7) Importer(815301076,1909f56bfc062723c751e8b465ee728b)  -> (artifact id: '179a95acf7ff6430720e6afd846e3586') in 0.003594 seconds
  Import took 0.008962 seconds .

========================================================================
Received Import Request.
  Time since last request: 4.400789 seconds.
  path: Assets/ZombieHunter/Wave/Enemy/Configs/MaleCharacterArmorConfig.asset
  artifactKey: Guid(9501e1db51534654c873b4050ae5d5b7) Importer(815301076,1909f56bfc062723c751e8b465ee728b)
Start importing Assets/ZombieHunter/Wave/Enemy/Configs/MaleCharacterArmorConfig.asset using Guid(9501e1db51534654c873b4050ae5d5b7) Importer(815301076,1909f56bfc062723c751e8b465ee728b)  -> (artifact id: '067cfca61fe498c78210d9fe5dbb5efb') in 0.004023 seconds
  Import took 0.012569 seconds .

========================================================================
Received Import Request.
  Time since last request: 7.568773 seconds.
  path: Assets/ZombieHunter/Wave/Enemy/Configs/MaleCharacterArmorConfig 1.asset
  artifactKey: Guid(3d1650151c564e44587b0b788adc6c91) Importer(815301076,1909f56bfc062723c751e8b465ee728b)
Start importing Assets/ZombieHunter/Wave/Enemy/Configs/MaleCharacterArmorConfig 1.asset using Guid(3d1650151c564e44587b0b788adc6c91) Importer(815301076,1909f56bfc062723c751e8b465ee728b)  -> (artifact id: 'a3d44235602c16e99ac8bf118a1ac0f3') in 0.003328 seconds
  Import took 0.017578 seconds .

========================================================================
Received Import Request.
  Time since last request: 4.389857 seconds.
  path: Assets/ZombieHunter/Wave/Enemy/Configs/MaleCharacterClothesConfig.asset
  artifactKey: Guid(3d1650151c564e44587b0b788adc6c91) Importer(815301076,1909f56bfc062723c751e8b465ee728b)
Start importing Assets/ZombieHunter/Wave/Enemy/Configs/MaleCharacterClothesConfig.asset using Guid(3d1650151c564e44587b0b788adc6c91) Importer(815301076,1909f56bfc062723c751e8b465ee728b)  -> (artifact id: 'ff03f64b2137862715ced81bf8888e08') in 0.004461 seconds
  Import took 0.009394 seconds .

========================================================================
Received Import Request.
  Time since last request: 5.360721 seconds.
  path: Assets/ZombieHunter/Wave/Enemy/Configs/MaleCharacterClothesConfig 1.asset
  artifactKey: Guid(774d9452d74bf8a40bb1f2ca2bc7f639) Importer(815301076,1909f56bfc062723c751e8b465ee728b)
Start importing Assets/ZombieHunter/Wave/Enemy/Configs/MaleCharacterClothesConfig 1.asset using Guid(774d9452d74bf8a40bb1f2ca2bc7f639) Importer(815301076,1909f56bfc062723c751e8b465ee728b)  -> (artifact id: 'ec52d939bcbb08741936e2bb33c77516') in 0.003612 seconds
  Import took 0.008024 seconds .

========================================================================
Received Import Request.
  Time since last request: 6.179371 seconds.
  path: Assets/ZombieHunter/Wave/Enemy/Configs/UniversalCharacterConfig.asset
  artifactKey: Guid(774d9452d74bf8a40bb1f2ca2bc7f639) Importer(815301076,1909f56bfc062723c751e8b465ee728b)
Start importing Assets/ZombieHunter/Wave/Enemy/Configs/UniversalCharacterConfig.asset using Guid(774d9452d74bf8a40bb1f2ca2bc7f639) Importer(815301076,1909f56bfc062723c751e8b465ee728b)  -> (artifact id: 'b88ec1814c7b7322164ab31fffcd1c6d') in 0.002680 seconds
  Import took 0.006212 seconds .

========================================================================
Received Import Request.
  Time since last request: 6.682963 seconds.
  path: Assets/ZombieHunter/Wave/Enemy/Configs/UniversalCharacterConfig 1.asset
  artifactKey: Guid(acbf370dd750e244c87ce081a2712379) Importer(815301076,1909f56bfc062723c751e8b465ee728b)
Start importing Assets/ZombieHunter/Wave/Enemy/Configs/UniversalCharacterConfig 1.asset using Guid(acbf370dd750e244c87ce081a2712379) Importer(815301076,1909f56bfc062723c751e8b465ee728b)  -> (artifact id: '7cbdf0611e03f54cebd63972dbb71c61') in 0.004492 seconds
  Import took 0.018618 seconds .

========================================================================
Received Import Request.
  Time since last request: 4.807753 seconds.
  path: Assets/ZombieHunter/Wave/Enemy/Configs/UniversalCharacterAllConfig.asset
  artifactKey: Guid(acbf370dd750e244c87ce081a2712379) Importer(815301076,1909f56bfc062723c751e8b465ee728b)
Start importing Assets/ZombieHunter/Wave/Enemy/Configs/UniversalCharacterAllConfig.asset using Guid(acbf370dd750e244c87ce081a2712379) Importer(815301076,1909f56bfc062723c751e8b465ee728b)  -> (artifact id: '98d838eef3bff15e3b7dda5a6cd20c9a') in 0.004079 seconds
  Import took 0.008795 seconds .

========================================================================
Received Import Request.
  Time since last request: 1.391895 seconds.
  path: Assets/ZombieHunter/Wave/Enemy/Configs/FemaleCharacterClothesConfig.asset
  artifactKey: Guid(d997c7b2f074c1f4cb5c67d079c0eb7e) Importer(815301076,1909f56bfc062723c751e8b465ee728b)
Start importing Assets/ZombieHunter/Wave/Enemy/Configs/FemaleCharacterClothesConfig.asset using Guid(d997c7b2f074c1f4cb5c67d079c0eb7e) Importer(815301076,1909f56bfc062723c751e8b465ee728b)  -> (artifact id: '77379da1936f7ec516f5f743db93ef81') in 0.002805 seconds
  Import took 0.035795 seconds .

========================================================================
Received Import Request.
  Time since last request: 1.698813 seconds.
  path: Assets/ZombieHunter/Wave/Enemy/Configs/MaleCharacterArmorConfig.asset
  artifactKey: Guid(9501e1db51534654c873b4050ae5d5b7) Importer(815301076,1909f56bfc062723c751e8b465ee728b)
Start importing Assets/ZombieHunter/Wave/Enemy/Configs/MaleCharacterArmorConfig.asset using Guid(9501e1db51534654c873b4050ae5d5b7) Importer(815301076,1909f56bfc062723c751e8b465ee728b)  -> (artifact id: '3949c86050918ba925f96b6a4e871566') in 0.003056 seconds
  Import took 0.007536 seconds .

========================================================================
Received Import Request.
  Time since last request: 0.002272 seconds.
  path: Assets/ZombieHunter/Wave/Enemy/Configs/MaleCharacterArmorConfig.asset
  artifactKey: Guid(9501e1db51534654c873b4050ae5d5b7) Importer(815301076,1909f56bfc062723c751e8b465ee728b)
Start importing Assets/ZombieHunter/Wave/Enemy/Configs/MaleCharacterArmorConfig.asset using Guid(9501e1db51534654c873b4050ae5d5b7) Importer(815301076,1909f56bfc062723c751e8b465ee728b)  -> (artifact id: '3949c86050918ba925f96b6a4e871566') in 0.003417 seconds
  Import took 0.008881 seconds .

========================================================================
Received Import Request.
  Time since last request: 11.368183 seconds.
  path: Assets/ZombieHunter/Scenes/TakeDamageFromEnemy.unity
  artifactKey: Guid(2b8465542e1f1b048b1513aaba2d46df) Importer(815301076,1909f56bfc062723c751e8b465ee728b)
Start importing Assets/ZombieHunter/Scenes/TakeDamageFromEnemy.unity using Guid(2b8465542e1f1b048b1513aaba2d46df) Importer(815301076,1909f56bfc062723c751e8b465ee728b)  -> (artifact id: '83d2825bbc06a9d83ae375e308448204') in 0.002908 seconds
  Import took 0.012111 seconds .

========================================================================
Received Import Request.
  Time since last request: 1.630909 seconds.
  path: Assets/ZombieHunter/Wave/Enemy/Animation/ZombieAnimController.controller
  artifactKey: Guid(80544552aace0a143b16ed108229a654) Importer(815301076,1909f56bfc062723c751e8b465ee728b)
Start importing Assets/ZombieHunter/Wave/Enemy/Animation/ZombieAnimController.controller using Guid(80544552aace0a143b16ed108229a654) Importer(815301076,1909f56bfc062723c751e8b465ee728b)  -> (artifact id: '170a258e82e127c55115950162f501dd') in 0.010252 seconds
  Import took 0.031865 seconds .

========================================================================
Received Prepare
Registering precompiled user dll's ...
Registered in 0.002576 seconds.
Begin MonoManager ReloadAssembly
Native extension for WindowsStandalone target not found
Refreshing native plugins compatible for Editor in 0.79 ms, found 4 plugins.
Preloading 1 native plugins for Editor in 0.09 ms.
Invoked RoslynAnalysisRunner static constructor.
RoslynAnalysisRunner will not be running.
RoslynAnalysisRunner has terminated.
NullReferenceException: Object reference not set to an instance of an object
  at Unity.XR.Oculus.OculusLoader.AssetPathToAbsolutePath (System.String assetPath) [0x0004c] in E:\MyCode\ZombieHunter\Library\PackageCache\com.unity.xr.oculus@1.7.0\Runtime\OculusLoader.cs:243 
  at Unity.XR.Oculus.OculusLoader.EditorLoadOVRPlugin () [0x000b0] in E:\MyCode\ZombieHunter\Library\PackageCache\com.unity.xr.oculus@1.7.0\Runtime\OculusLoader.cs:228 

(Filename: Library/PackageCache/com.unity.xr.oculus@1.7.0/Runtime/OculusLoader.cs Line: 243)

Mono: successfully reloaded assembly
- Completed reload, in  0.958 seconds
Platform modules already initialized, skipping
Shader 'Oculus/OVRMRCameraFrameLit': fallback shader 'Alpha-Diffuse' not found
Refreshing native plugins compatible for Editor in 0.77 ms, found 4 plugins.
Preloading 1 native plugins for Editor in 0.03 ms.
Unloading 2180 Unused Serialized files (Serialized files now loaded: 0)
System memory in use before: 118.7 MB.
System memory in use after: 118.9 MB.

Unloading 23 unused Assets to reduce memory usage. Loaded Objects now: 2711.
Total: 2.425400 ms (FindLiveObjects: 0.419400 ms CreateObjectMapping: 0.102100 ms MarkObjects: 1.850900 ms  DeleteObjects: 0.051400 ms)

========================================================================
Received Prepare
Registering precompiled user dll's ...
Registered in 0.002870 seconds.
Begin MonoManager ReloadAssembly
Native extension for WindowsStandalone target not found
Refreshing native plugins compatible for Editor in 0.67 ms, found 4 plugins.
Preloading 1 native plugins for Editor in 0.05 ms.
Invoked RoslynAnalysisRunner static constructor.
RoslynAnalysisRunner will not be running.
RoslynAnalysisRunner has terminated.
NullReferenceException: Object reference not set to an instance of an object
  at Unity.XR.Oculus.OculusLoader.AssetPathToAbsolutePath (System.String assetPath) [0x0004c] in E:\MyCode\ZombieHunter\Library\PackageCache\com.unity.xr.oculus@1.7.0\Runtime\OculusLoader.cs:243 
  at Unity.XR.Oculus.OculusLoader.EditorLoadOVRPlugin () [0x000b0] in E:\MyCode\ZombieHunter\Library\PackageCache\com.unity.xr.oculus@1.7.0\Runtime\OculusLoader.cs:228 

(Filename: Library/PackageCache/com.unity.xr.oculus@1.7.0/Runtime/OculusLoader.cs Line: 243)

Mono: successfully reloaded assembly
- Completed reload, in  0.978 seconds
Platform modules already initialized, skipping
Shader 'Oculus/OVRMRCameraFrameLit': fallback shader 'Alpha-Diffuse' not found
Refreshing native plugins compatible for Editor in 1.23 ms, found 4 plugins.
Preloading 1 native plugins for Editor in 0.05 ms.
Unloading 2180 Unused Serialized files (Serialized files now loaded: 0)
System memory in use before: 118.7 MB.
System memory in use after: 118.9 MB.

Unloading 23 unused Assets to reduce memory usage. Loaded Objects now: 2714.
Total: 2.993600 ms (FindLiveObjects: 0.391500 ms CreateObjectMapping: 0.143900 ms MarkObjects: 2.432100 ms  DeleteObjects: 0.024700 ms)

========================================================================
Received Import Request.
  Time since last request: 304.659298 seconds.
  path: Assets/ZombieHunter/Wave/Enemy/Prefabs/FemaleCharacterClothes.prefab
  artifactKey: Guid(33a5d59669657c843b65fbb1817039be) Importer(815301076,1909f56bfc062723c751e8b465ee728b)
Start importing Assets/ZombieHunter/Wave/Enemy/Prefabs/FemaleCharacterClothes.prefab using Guid(33a5d59669657c843b65fbb1817039be) Importer(815301076,1909f56bfc062723c751e8b465ee728b)  -> (artifact id: 'dfd9d56250817cbe4028d89542271df2') in 0.083026 seconds
  Import took 0.099725 seconds .

========================================================================
Received Import Request.
  Time since last request: 1.133608 seconds.
  path: Assets/ZombieHunter/Wave/Enemy/Prefabs/MaleCharacterArmor.prefab
  artifactKey: Guid(44a6be54adbb480478cd53eb50946894) Importer(815301076,1909f56bfc062723c751e8b465ee728b)
Start importing Assets/ZombieHunter/Wave/Enemy/Prefabs/MaleCharacterArmor.prefab using Guid(44a6be54adbb480478cd53eb50946894) Importer(815301076,1909f56bfc062723c751e8b465ee728b)  -> (artifact id: '6cd6dbd5c4924ab5e12f20777a5094e6') in 0.037127 seconds
  Import took 0.043174 seconds .

========================================================================
Received Import Request.
  Time since last request: 0.007459 seconds.
  path: Assets/ZombieHunter/Wave/Enemy/Prefabs/MaleCharacterArmor.prefab
  artifactKey: Guid(44a6be54adbb480478cd53eb50946894) Importer(815301076,1909f56bfc062723c751e8b465ee728b)
Start importing Assets/ZombieHunter/Wave/Enemy/Prefabs/MaleCharacterArmor.prefab using Guid(44a6be54adbb480478cd53eb50946894) Importer(815301076,1909f56bfc062723c751e8b465ee728b)  -> (artifact id: '6cd6dbd5c4924ab5e12f20777a5094e6') in 0.032759 seconds
  Import took 0.038730 seconds .

========================================================================
Received Import Request.
  Time since last request: 1.913582 seconds.
  path: Assets/ZombieHunter/Wave/Enemy/Prefabs/UniversalCharacter.prefab
  artifactKey: Guid(be2afc50546d5374fbbf9077385032fc) Importer(815301076,1909f56bfc062723c751e8b465ee728b)
Start importing Assets/ZombieHunter/Wave/Enemy/Prefabs/UniversalCharacter.prefab using Guid(be2afc50546d5374fbbf9077385032fc) Importer(815301076,1909f56bfc062723c751e8b465ee728b)  -> (artifact id: '41e59a3a6e0c4918f33c89ac118756da') in 0.026848 seconds
  Import took 0.036029 seconds .

========================================================================
Received Import Request.
  Time since last request: 0.004956 seconds.
  path: Assets/ZombieHunter/Wave/Enemy/Prefabs/UniversalCharacter.prefab
  artifactKey: Guid(be2afc50546d5374fbbf9077385032fc) Importer(815301076,1909f56bfc062723c751e8b465ee728b)
Start importing Assets/ZombieHunter/Wave/Enemy/Prefabs/UniversalCharacter.prefab using Guid(be2afc50546d5374fbbf9077385032fc) Importer(815301076,1909f56bfc062723c751e8b465ee728b)  -> (artifact id: '41e59a3a6e0c4918f33c89ac118756da') in 0.034998 seconds
  Import took 0.041141 seconds .

========================================================================
Received Import Request.
  Time since last request: 1.340550 seconds.
  path: Assets/ZombieHunter/Wave/Enemy/Prefabs/MaleCharacterClothes.prefab
  artifactKey: Guid(adf5a0e0c11e86444bbc61a1e5748913) Importer(815301076,1909f56bfc062723c751e8b465ee728b)
Start importing Assets/ZombieHunter/Wave/Enemy/Prefabs/MaleCharacterClothes.prefab using Guid(adf5a0e0c11e86444bbc61a1e5748913) Importer(815301076,1909f56bfc062723c751e8b465ee728b)  -> (artifact id: 'df73558dea10e339a740e57631055a39') in 0.036735 seconds
  Import took 0.065434 seconds .

========================================================================
Received Import Request.
  Time since last request: 1.561092 seconds.
  path: Assets/ZombieHunter/Wave/Enemy/Prefabs/UniversalCharacterAll.prefab
  artifactKey: Guid(9317aac7853450c438565ca27b663849) Importer(815301076,1909f56bfc062723c751e8b465ee728b)
Start importing Assets/ZombieHunter/Wave/Enemy/Prefabs/UniversalCharacterAll.prefab using Guid(9317aac7853450c438565ca27b663849) Importer(815301076,1909f56bfc062723c751e8b465ee728b)  -> (artifact id: 'a76f181cc59a7c984558c21a3df3e2f0') in 0.049476 seconds
  Import took 0.071221 seconds .

========================================================================
Received Prepare
Registering precompiled user dll's ...
Registered in 0.003092 seconds.
Begin MonoManager ReloadAssembly
Native extension for WindowsStandalone target not found
Refreshing native plugins compatible for Editor in 0.75 ms, found 4 plugins.
Preloading 1 native plugins for Editor in 0.05 ms.
Invoked RoslynAnalysisRunner static constructor.
RoslynAnalysisRunner will not be running.
RoslynAnalysisRunner has terminated.
NullReferenceException: Object reference not set to an instance of an object
  at Unity.XR.Oculus.OculusLoader.AssetPathToAbsolutePath (System.String assetPath) [0x0004c] in E:\MyCode\ZombieHunter\Library\PackageCache\com.unity.xr.oculus@1.7.0\Runtime\OculusLoader.cs:243 
  at Unity.XR.Oculus.OculusLoader.EditorLoadOVRPlugin () [0x000b0] in E:\MyCode\ZombieHunter\Library\PackageCache\com.unity.xr.oculus@1.7.0\Runtime\OculusLoader.cs:228 

(Filename: Library/PackageCache/com.unity.xr.oculus@1.7.0/Runtime/OculusLoader.cs Line: 243)

Mono: successfully reloaded assembly
- Completed reload, in  0.893 seconds
Platform modules already initialized, skipping
Shader 'Oculus/OVRMRCameraFrameLit': fallback shader 'Alpha-Diffuse' not found
Refreshing native plugins compatible for Editor in 0.78 ms, found 4 plugins.
Preloading 1 native plugins for Editor in 0.04 ms.
Unloading 2180 Unused Serialized files (Serialized files now loaded: 0)
System memory in use before: 118.7 MB.
System memory in use after: 119.0 MB.

Unloading 23 unused Assets to reduce memory usage. Loaded Objects now: 2718.
Total: 2.813800 ms (FindLiveObjects: 0.424800 ms CreateObjectMapping: 0.172600 ms MarkObjects: 2.190400 ms  DeleteObjects: 0.024500 ms)

========================================================================
Received Import Request.
  Time since last request: 294.674191 seconds.
  path: Assets/ZombieHunter/Scenes/TakeDamageFromEnemy 1.unity
  artifactKey: Guid(d8e498f96f142774a8c925eb4c530465) Importer(815301076,1909f56bfc062723c751e8b465ee728b)
Start importing Assets/ZombieHunter/Scenes/TakeDamageFromEnemy 1.unity using Guid(d8e498f96f142774a8c925eb4c530465) Importer(815301076,1909f56bfc062723c751e8b465ee728b)  -> (artifact id: '29776bec71159b358ace7fc7cd1af96a') in 0.014880 seconds
  Import took 0.018512 seconds .

========================================================================
Received Import Request.
  Time since last request: 0.007994 seconds.
  path: Assets/ZombieHunter/Scenes/TakeDamageFromEnemy 1.unity
  artifactKey: Guid(d8e498f96f142774a8c925eb4c530465) Importer(815301076,1909f56bfc062723c751e8b465ee728b)
Start importing Assets/ZombieHunter/Scenes/TakeDamageFromEnemy 1.unity using Guid(d8e498f96f142774a8c925eb4c530465) Importer(815301076,1909f56bfc062723c751e8b465ee728b)  -> (artifact id: '29776bec71159b358ace7fc7cd1af96a') in 0.001813 seconds
  Import took 0.005251 seconds .

========================================================================
Received Import Request.
  Time since last request: 7.714775 seconds.
  path: Assets/ZombieHunter/Scenes/TakeDamageFromPlayer.unity
  artifactKey: Guid(d8e498f96f142774a8c925eb4c530465) Importer(815301076,1909f56bfc062723c751e8b465ee728b)
Start importing Assets/ZombieHunter/Scenes/TakeDamageFromPlayer.unity using Guid(d8e498f96f142774a8c925eb4c530465) Importer(815301076,1909f56bfc062723c751e8b465ee728b)  -> (artifact id: '31bee972ce986a7c97374751ffa86a65') in 0.002304 seconds
  Import took 0.108582 seconds .

========================================================================
Received Import Request.
  Time since last request: 7.088959 seconds.
  path: Assets/ZombieHunter/Scenes/TakeDamageFromEnemy.unity
  artifactKey: Guid(2b8465542e1f1b048b1513aaba2d46df) Importer(815301076,1909f56bfc062723c751e8b465ee728b)
Start importing Assets/ZombieHunter/Scenes/TakeDamageFromEnemy.unity using Guid(2b8465542e1f1b048b1513aaba2d46df) Importer(815301076,1909f56bfc062723c751e8b465ee728b)  -> (artifact id: '8e453651ec916bd62beaeeaece67ff14') in 0.001886 seconds
  Import took 0.112119 seconds .

========================================================================
Received Import Request.
  Time since last request: 7.652338 seconds.
  path: Assets/ZombieHunter/Scenes/TakeDamageFromPlayer.unity
  artifactKey: Guid(d8e498f96f142774a8c925eb4c530465) Importer(815301076,1909f56bfc062723c751e8b465ee728b)
Start importing Assets/ZombieHunter/Scenes/TakeDamageFromPlayer.unity using Guid(d8e498f96f142774a8c925eb4c530465) Importer(815301076,1909f56bfc062723c751e8b465ee728b)  -> (artifact id: '2867461507e5690ba452b683834c77ec') in 0.002777 seconds
  Import took 0.007000 seconds .

========================================================================
Received Import Request.
  Time since last request: 2.025297 seconds.
  path: Assets/ZombieHunter/Scenes/GameScene.unity
  artifactKey: Guid(07b3310fd57c602458506388d8c69368) Importer(815301076,1909f56bfc062723c751e8b465ee728b)
Start importing Assets/ZombieHunter/Scenes/GameScene.unity using Guid(07b3310fd57c602458506388d8c69368) Importer(815301076,1909f56bfc062723c751e8b465ee728b)  -> (artifact id: '950a9a73c357f9a5af88a3ba2f55a9df') in 0.002309 seconds
  Import took 0.017192 seconds .

========================================================================
Received Import Request.
  Time since last request: 18.624419 seconds.
  path: Assets/ZombieHunter/Player/Player.cs
  artifactKey: Guid(7f5c86e155b3413b934cfaa0ff503964) Importer(815301076,1909f56bfc062723c751e8b465ee728b)
Start importing Assets/ZombieHunter/Player/Player.cs using Guid(7f5c86e155b3413b934cfaa0ff503964) Importer(815301076,1909f56bfc062723c751e8b465ee728b)  -> (artifact id: 'ec45d9893aa36b9415ba64f2bea4502b') in 0.001469 seconds
  Import took 0.005142 seconds .

========================================================================
Received Import Request.
  Time since last request: 0.001009 seconds.
  path: Assets/ZombieHunter/Player/Player.cs
  artifactKey: Guid(7f5c86e155b3413b934cfaa0ff503964) Importer(815301076,1909f56bfc062723c751e8b465ee728b)
Start importing Assets/ZombieHunter/Player/Player.cs using Guid(7f5c86e155b3413b934cfaa0ff503964) Importer(815301076,1909f56bfc062723c751e8b465ee728b)  -> (artifact id: 'ec45d9893aa36b9415ba64f2bea4502b') in 0.001361 seconds
  Import took 0.004679 seconds .

========================================================================
Received Import Request.
  Time since last request: 8.662607 seconds.
  path: Assets/ZombieHunter/Player
  artifactKey: Guid(cf7f9646f11140f3ae8f47cd3b2a8243) Importer(815301076,1909f56bfc062723c751e8b465ee728b)
Start importing Assets/ZombieHunter/Player using Guid(cf7f9646f11140f3ae8f47cd3b2a8243) Importer(815301076,1909f56bfc062723c751e8b465ee728b)  -> (artifact id: 'f87df8972a4ca2d844243f0d06f2382d') in 0.002232 seconds
  Import took 0.006709 seconds .

========================================================================
Received Prepare
Registering precompiled user dll's ...
Registered in 0.002341 seconds.
Begin MonoManager ReloadAssembly
Native extension for WindowsStandalone target not found
Refreshing native plugins compatible for Editor in 0.67 ms, found 4 plugins.
Preloading 1 native plugins for Editor in 0.04 ms.
Invoked RoslynAnalysisRunner static constructor.
RoslynAnalysisRunner will not be running.
RoslynAnalysisRunner has terminated.
NullReferenceException: Object reference not set to an instance of an object
  at Unity.XR.Oculus.OculusLoader.AssetPathToAbsolutePath (System.String assetPath) [0x0004c] in E:\MyCode\ZombieHunter\Library\PackageCache\com.unity.xr.oculus@1.7.0\Runtime\OculusLoader.cs:243 
  at Unity.XR.Oculus.OculusLoader.EditorLoadOVRPlugin () [0x000b0] in E:\MyCode\ZombieHunter\Library\PackageCache\com.unity.xr.oculus@1.7.0\Runtime\OculusLoader.cs:228 

(Filename: Library/PackageCache/com.unity.xr.oculus@1.7.0/Runtime/OculusLoader.cs Line: 243)

Mono: successfully reloaded assembly
- Completed reload, in  1.384 seconds
Platform modules already initialized, skipping
Shader 'Oculus/OVRMRCameraFrameLit': fallback shader 'Alpha-Diffuse' not found
Refreshing native plugins compatible for Editor in 4.70 ms, found 4 plugins.
Preloading 1 native plugins for Editor in 0.06 ms.
Unloading 2181 Unused Serialized files (Serialized files now loaded: 0)
System memory in use before: 118.8 MB.
System memory in use after: 119.0 MB.

Unloading 23 unused Assets to reduce memory usage. Loaded Objects now: 2722.
Total: 6.565900 ms (FindLiveObjects: 0.480200 ms CreateObjectMapping: 0.170800 ms MarkObjects: 5.872400 ms  DeleteObjects: 0.040700 ms)

========================================================================
Received Prepare
Registering precompiled user dll's ...
Registered in 0.002369 seconds.
Begin MonoManager ReloadAssembly
Native extension for WindowsStandalone target not found
Refreshing native plugins compatible for Editor in 4.04 ms, found 4 plugins.
Preloading 1 native plugins for Editor in 0.13 ms.
Invoked RoslynAnalysisRunner static constructor.
RoslynAnalysisRunner will not be running.
RoslynAnalysisRunner has terminated.
NullReferenceException: Object reference not set to an instance of an object
  at Unity.XR.Oculus.OculusLoader.AssetPathToAbsolutePath (System.String assetPath) [0x0004c] in E:\MyCode\ZombieHunter\Library\PackageCache\com.unity.xr.oculus@1.7.0\Runtime\OculusLoader.cs:243 
  at Unity.XR.Oculus.OculusLoader.EditorLoadOVRPlugin () [0x000b0] in E:\MyCode\ZombieHunter\Library\PackageCache\com.unity.xr.oculus@1.7.0\Runtime\OculusLoader.cs:228 

(Filename: Library/PackageCache/com.unity.xr.oculus@1.7.0/Runtime/OculusLoader.cs Line: 243)

Mono: successfully reloaded assembly
- Completed reload, in  1.590 seconds
Platform modules already initialized, skipping
Shader 'Oculus/OVRMRCameraFrameLit': fallback shader 'Alpha-Diffuse' not found
Refreshing native plugins compatible for Editor in 0.71 ms, found 4 plugins.
Preloading 1 native plugins for Editor in 0.04 ms.
Unloading 2181 Unused Serialized files (Serialized files now loaded: 0)
System memory in use before: 118.7 MB.
System memory in use after: 118.9 MB.

Unloading 23 unused Assets to reduce memory usage. Loaded Objects now: 2725.
Total: 2.486600 ms (FindLiveObjects: 0.298000 ms CreateObjectMapping: 0.135700 ms MarkObjects: 2.021900 ms  DeleteObjects: 0.029600 ms)

========================================================================
Received Prepare
Registering precompiled user dll's ...
Registered in 0.002322 seconds.
Begin MonoManager ReloadAssembly
Native extension for WindowsStandalone target not found
Refreshing native plugins compatible for Editor in 0.67 ms, found 4 plugins.
Preloading 1 native plugins for Editor in 0.04 ms.
Invoked RoslynAnalysisRunner static constructor.
RoslynAnalysisRunner will not be running.
RoslynAnalysisRunner has terminated.
NullReferenceException: Object reference not set to an instance of an object
  at Unity.XR.Oculus.OculusLoader.AssetPathToAbsolutePath (System.String assetPath) [0x0004c] in E:\MyCode\ZombieHunter\Library\PackageCache\com.unity.xr.oculus@1.7.0\Runtime\OculusLoader.cs:243 
  at Unity.XR.Oculus.OculusLoader.EditorLoadOVRPlugin () [0x000b0] in E:\MyCode\ZombieHunter\Library\PackageCache\com.unity.xr.oculus@1.7.0\Runtime\OculusLoader.cs:228 

(Filename: Library/PackageCache/com.unity.xr.oculus@1.7.0/Runtime/OculusLoader.cs Line: 243)

Mono: successfully reloaded assembly
- Completed reload, in  0.925 seconds
Platform modules already initialized, skipping
Shader 'Oculus/OVRMRCameraFrameLit': fallback shader 'Alpha-Diffuse' not found
Refreshing native plugins compatible for Editor in 0.67 ms, found 4 plugins.
Preloading 1 native plugins for Editor in 0.03 ms.
Unloading 2181 Unused Serialized files (Serialized files now loaded: 0)
System memory in use before: 118.8 MB.
System memory in use after: 119.0 MB.

Unloading 23 unused Assets to reduce memory usage. Loaded Objects now: 2728.
Total: 2.656600 ms (FindLiveObjects: 0.498700 ms CreateObjectMapping: 0.152200 ms MarkObjects: 1.983300 ms  DeleteObjects: 0.021000 ms)

========================================================================
Received Import Request.
  Time since last request: 336.925313 seconds.
  path: Assets/ZombieHunter/Player/Player.cs
  artifactKey: Guid(7f5c86e155b3413b934cfaa0ff503964) Importer(815301076,1909f56bfc062723c751e8b465ee728b)
Start importing Assets/ZombieHunter/Player/Player.cs using Guid(7f5c86e155b3413b934cfaa0ff503964) Importer(815301076,1909f56bfc062723c751e8b465ee728b)  -> (artifact id: '2be4d91e095297340763fdfcaf012f0b') in 0.003867 seconds
  Import took 0.050333 seconds .

========================================================================
Received Import Request.
  Time since last request: 10.330731 seconds.
  path: Assets/ZombieHunter/Scenes
  artifactKey: Guid(cab1f55635dfc6d4fb2d6a257e26bcb1) Importer(815301076,1909f56bfc062723c751e8b465ee728b)
Start importing Assets/ZombieHunter/Scenes using Guid(cab1f55635dfc6d4fb2d6a257e26bcb1) Importer(815301076,1909f56bfc062723c751e8b465ee728b)  -> (artifact id: 'a71a71d09402a4bdeda67706cca79e48') in 0.001657 seconds
  Import took 0.006001 seconds .

========================================================================
Received Import Request.
  Time since last request: 0.000328 seconds.
  path: Assets/ZombieHunter/Scenes
  artifactKey: Guid(cab1f55635dfc6d4fb2d6a257e26bcb1) Importer(815301076,1909f56bfc062723c751e8b465ee728b)
Start importing Assets/ZombieHunter/Scenes using Guid(cab1f55635dfc6d4fb2d6a257e26bcb1) Importer(815301076,1909f56bfc062723c751e8b465ee728b)  -> (artifact id: 'a71a71d09402a4bdeda67706cca79e48') in 0.001484 seconds
  Import took 0.004738 seconds .

========================================================================
Received Import Request.
  Time since last request: 7.817577 seconds.
  path: Assets/ZombieHunter/Player/PlayerConfig.asset
  artifactKey: Guid(d18a5d66954f0e44995f2130d34bf836) Importer(815301076,1909f56bfc062723c751e8b465ee728b)
Start importing Assets/ZombieHunter/Player/PlayerConfig.asset using Guid(d18a5d66954f0e44995f2130d34bf836) Importer(815301076,1909f56bfc062723c751e8b465ee728b)  -> (artifact id: 'a14b4eaa77424d9985d1a08286e7f022') in 0.011021 seconds
  Import took 0.026511 seconds .

========================================================================
Received Import Request.
  Time since last request: 0.016442 seconds.
  path: Assets/ZombieHunter/Player/PlayerConfig.asset
  artifactKey: Guid(d18a5d66954f0e44995f2130d34bf836) Importer(815301076,1909f56bfc062723c751e8b465ee728b)
Start importing Assets/ZombieHunter/Player/PlayerConfig.asset using Guid(d18a5d66954f0e44995f2130d34bf836) Importer(815301076,1909f56bfc062723c751e8b465ee728b)  -> (artifact id: 'a14b4eaa77424d9985d1a08286e7f022') in 0.002247 seconds
  Import took 0.005908 seconds .

========================================================================
Received Import Request.
  Time since last request: 11.970387 seconds.
  path: Assets/ZombieHunter/Player/PlayerConfig 1.asset
  artifactKey: Guid(ea4dff9745da7f3408afcec17af7f723) Importer(815301076,1909f56bfc062723c751e8b465ee728b)
Start importing Assets/ZombieHunter/Player/PlayerConfig 1.asset using Guid(ea4dff9745da7f3408afcec17af7f723) Importer(815301076,1909f56bfc062723c751e8b465ee728b)  -> (artifact id: 'c1a2bd4e090d0a0b7f158b894a4f7706') in 0.003179 seconds
  Import took 0.014857 seconds .

========================================================================
Received Import Request.
  Time since last request: 0.383547 seconds.
  path: Assets/ZombieHunter/Player/PlayerConfig.asset
  artifactKey: Guid(d18a5d66954f0e44995f2130d34bf836) Importer(815301076,1909f56bfc062723c751e8b465ee728b)
Start importing Assets/ZombieHunter/Player/PlayerConfig.asset using Guid(d18a5d66954f0e44995f2130d34bf836) Importer(815301076,1909f56bfc062723c751e8b465ee728b)  -> (artifact id: '39c14124dfb1530f66df5f8a999effbf') in 0.002221 seconds
  Import took 0.006336 seconds .

========================================================================
Received Import Request.
  Time since last request: 0.017745 seconds.
  path: Assets/ZombieHunter/Player/PlayerConfig.asset
  artifactKey: Guid(d18a5d66954f0e44995f2130d34bf836) Importer(815301076,1909f56bfc062723c751e8b465ee728b)
Start importing Assets/ZombieHunter/Player/PlayerConfig.asset using Guid(d18a5d66954f0e44995f2130d34bf836) Importer(815301076,1909f56bfc062723c751e8b465ee728b)  -> (artifact id: '39c14124dfb1530f66df5f8a999effbf') in 0.001832 seconds
  Import took 0.005800 seconds .

========================================================================
Received Import Request.
  Time since last request: 12.688117 seconds.
  path: Assets/ZombieHunter/Wave/Enemy/FX_BloodSplatter 1.prefab
  artifactKey: Guid(8790358fe36e6744995310619a8cd2fd) Importer(815301076,1909f56bfc062723c751e8b465ee728b)
Start importing Assets/ZombieHunter/Wave/Enemy/FX_BloodSplatter 1.prefab using Guid(8790358fe36e6744995310619a8cd2fd) Importer(815301076,1909f56bfc062723c751e8b465ee728b)  -> (artifact id: 'ac737d7283614529ec5f4a9a8d0209ce') in 0.020514 seconds
  Import took 0.056229 seconds .

========================================================================
Received Import Request.
  Time since last request: 7.203032 seconds.
  path: Assets/ZombieHunter/Player/FX_BloodSplatter.prefab
  artifactKey: Guid(8790358fe36e6744995310619a8cd2fd) Importer(815301076,1909f56bfc062723c751e8b465ee728b)
Start importing Assets/ZombieHunter/Player/FX_BloodSplatter.prefab using Guid(8790358fe36e6744995310619a8cd2fd) Importer(815301076,1909f56bfc062723c751e8b465ee728b)  -> (artifact id: 'afdd1a3b1af14dd0eb91e22f29b6968a') in 0.003228 seconds
  Import took 0.007288 seconds .

========================================================================
Received Import Request.
  Time since last request: 0.001050 seconds.
  path: Assets/ZombieHunter/Player/FX_BloodSplatter.prefab
  artifactKey: Guid(8790358fe36e6744995310619a8cd2fd) Importer(815301076,1909f56bfc062723c751e8b465ee728b)
Start importing Assets/ZombieHunter/Player/FX_BloodSplatter.prefab using Guid(8790358fe36e6744995310619a8cd2fd) Importer(815301076,1909f56bfc062723c751e8b465ee728b)  -> (artifact id: 'afdd1a3b1af14dd0eb91e22f29b6968a') in 0.003506 seconds
  Import took 0.007396 seconds .

========================================================================
Received Import Request.
  Time since last request: 1.419092 seconds.
  path: Assets/ZombieHunter/Player/PlayerConfig.cs
  artifactKey: Guid(3b3fdc01539045198224d4b66c021d8b) Importer(815301076,1909f56bfc062723c751e8b465ee728b)
Start importing Assets/ZombieHunter/Player/PlayerConfig.cs using Guid(3b3fdc01539045198224d4b66c021d8b) Importer(815301076,1909f56bfc062723c751e8b465ee728b)  -> (artifact id: '04471ec73c8e5ccf9cc7c2cedc1bec46') in 0.001504 seconds
  Import took 0.112143 seconds .

========================================================================
Received Import Request.
  Time since last request: 35.919395 seconds.
  path: Assets/ZombieHunter/Wave/Enemy/Prefabs/FemaleCharacterArmor.prefab
  artifactKey: Guid(4a3c4c173b4d98b4f8deab50ca3f4fee) Importer(815301076,1909f56bfc062723c751e8b465ee728b)
Start importing Assets/ZombieHunter/Wave/Enemy/Prefabs/FemaleCharacterArmor.prefab using Guid(4a3c4c173b4d98b4f8deab50ca3f4fee) Importer(815301076,1909f56bfc062723c751e8b465ee728b)  -> (artifact id: '50ee8ef0ea7ec335236cadd0e507eb49') in 0.154023 seconds
  Import took 0.158711 seconds .

========================================================================
Received Prepare
Registering precompiled user dll's ...
Registered in 0.005736 seconds.
Begin MonoManager ReloadAssembly
Native extension for WindowsStandalone target not found
Refreshing native plugins compatible for Editor in 1.47 ms, found 4 plugins.
Preloading 1 native plugins for Editor in 0.09 ms.
Invoked RoslynAnalysisRunner static constructor.
RoslynAnalysisRunner will not be running.
RoslynAnalysisRunner has terminated.
NullReferenceException: Object reference not set to an instance of an object
  at Unity.XR.Oculus.OculusLoader.AssetPathToAbsolutePath (System.String assetPath) [0x0004c] in E:\MyCode\ZombieHunter\Library\PackageCache\com.unity.xr.oculus@1.7.0\Runtime\OculusLoader.cs:243 
  at Unity.XR.Oculus.OculusLoader.EditorLoadOVRPlugin () [0x000b0] in E:\MyCode\ZombieHunter\Library\PackageCache\com.unity.xr.oculus@1.7.0\Runtime\OculusLoader.cs:228 

(Filename: Library/PackageCache/com.unity.xr.oculus@1.7.0/Runtime/OculusLoader.cs Line: 243)

Mono: successfully reloaded assembly
- Completed reload, in  1.626 seconds
Platform modules already initialized, skipping
Shader 'Oculus/OVRMRCameraFrameLit': fallback shader 'Alpha-Diffuse' not found
Refreshing native plugins compatible for Editor in 0.79 ms, found 4 plugins.
Preloading 1 native plugins for Editor in 0.07 ms.
Unloading 2181 Unused Serialized files (Serialized files now loaded: 0)
System memory in use before: 118.8 MB.
System memory in use after: 119.0 MB.

Unloading 23 unused Assets to reduce memory usage. Loaded Objects now: 2732.
Total: 3.843700 ms (FindLiveObjects: 0.901000 ms CreateObjectMapping: 0.419700 ms MarkObjects: 2.495400 ms  DeleteObjects: 0.024700 ms)

========================================================================
Received Import Request.
  Time since last request: 51.812862 seconds.
  path: Assets/ZombieHunter/Wave/Enemy/Enemy.cs
  artifactKey: Guid(e94ef3896da3470d8d2d0e5eaf449f7c) Importer(815301076,1909f56bfc062723c751e8b465ee728b)
Start importing Assets/ZombieHunter/Wave/Enemy/Enemy.cs using Guid(e94ef3896da3470d8d2d0e5eaf449f7c) Importer(815301076,1909f56bfc062723c751e8b465ee728b)  -> (artifact id: 'c493f35b4615fa4373413125084b6712') in 0.004954 seconds
  Import took 0.008445 seconds .

========================================================================
Received Import Request.
  Time since last request: 0.028032 seconds.
  path: Assets/ZombieHunter/Wave/Enemy/Enemy.cs
  artifactKey: Guid(e94ef3896da3470d8d2d0e5eaf449f7c) Importer(815301076,1909f56bfc062723c751e8b465ee728b)
Start importing Assets/ZombieHunter/Wave/Enemy/Enemy.cs using Guid(e94ef3896da3470d8d2d0e5eaf449f7c) Importer(815301076,1909f56bfc062723c751e8b465ee728b)  -> (artifact id: 'c493f35b4615fa4373413125084b6712') in 0.001433 seconds
  Import took 0.005385 seconds .

========================================================================
Received Prepare
Registering precompiled user dll's ...
Registered in 0.002385 seconds.
Begin MonoManager ReloadAssembly
Native extension for WindowsStandalone target not found
Refreshing native plugins compatible for Editor in 0.68 ms, found 4 plugins.
Preloading 1 native plugins for Editor in 0.05 ms.
Invoked RoslynAnalysisRunner static constructor.
RoslynAnalysisRunner will not be running.
RoslynAnalysisRunner has terminated.
NullReferenceException: Object reference not set to an instance of an object
  at Unity.XR.Oculus.OculusLoader.AssetPathToAbsolutePath (System.String assetPath) [0x0004c] in E:\MyCode\ZombieHunter\Library\PackageCache\com.unity.xr.oculus@1.7.0\Runtime\OculusLoader.cs:243 
  at Unity.XR.Oculus.OculusLoader.EditorLoadOVRPlugin () [0x000b0] in E:\MyCode\ZombieHunter\Library\PackageCache\com.unity.xr.oculus@1.7.0\Runtime\OculusLoader.cs:228 

(Filename: Library/PackageCache/com.unity.xr.oculus@1.7.0/Runtime/OculusLoader.cs Line: 243)

Mono: successfully reloaded assembly
- Completed reload, in  0.963 seconds
Platform modules already initialized, skipping
Shader 'Oculus/OVRMRCameraFrameLit': fallback shader 'Alpha-Diffuse' not found
Refreshing native plugins compatible for Editor in 0.71 ms, found 4 plugins.
Preloading 1 native plugins for Editor in 0.04 ms.
Unloading 2181 Unused Serialized files (Serialized files now loaded: 0)
System memory in use before: 118.8 MB.
System memory in use after: 119.1 MB.

Unloading 23 unused Assets to reduce memory usage. Loaded Objects now: 2735.
Total: 2.909100 ms (FindLiveObjects: 0.460300 ms CreateObjectMapping: 0.172500 ms MarkObjects: 2.244600 ms  DeleteObjects: 0.029100 ms)

========================================================================
Received Prepare
Registering precompiled user dll's ...
Registered in 0.002278 seconds.
Begin MonoManager ReloadAssembly
Native extension for WindowsStandalone target not found
Refreshing native plugins compatible for Editor in 1.09 ms, found 4 plugins.
Preloading 1 native plugins for Editor in 0.06 ms.
Invoked RoslynAnalysisRunner static constructor.
RoslynAnalysisRunner will not be running.
RoslynAnalysisRunner has terminated.
NullReferenceException: Object reference not set to an instance of an object
  at Unity.XR.Oculus.OculusLoader.AssetPathToAbsolutePath (System.String assetPath) [0x0004c] in E:\MyCode\ZombieHunter\Library\PackageCache\com.unity.xr.oculus@1.7.0\Runtime\OculusLoader.cs:243 
  at Unity.XR.Oculus.OculusLoader.EditorLoadOVRPlugin () [0x000b0] in E:\MyCode\ZombieHunter\Library\PackageCache\com.unity.xr.oculus@1.7.0\Runtime\OculusLoader.cs:228 

(Filename: Library/PackageCache/com.unity.xr.oculus@1.7.0/Runtime/OculusLoader.cs Line: 243)

Mono: successfully reloaded assembly
- Completed reload, in  1.123 seconds
Platform modules already initialized, skipping
Shader 'Oculus/OVRMRCameraFrameLit': fallback shader 'Alpha-Diffuse' not found
Refreshing native plugins compatible for Editor in 1.02 ms, found 4 plugins.
Preloading 1 native plugins for Editor in 0.06 ms.
Unloading 2181 Unused Serialized files (Serialized files now loaded: 0)
System memory in use before: 118.9 MB.
System memory in use after: 119.1 MB.

Unloading 23 unused Assets to reduce memory usage. Loaded Objects now: 2738.
Total: 3.256700 ms (FindLiveObjects: 0.463900 ms CreateObjectMapping: 0.200900 ms MarkObjects: 2.554700 ms  DeleteObjects: 0.034600 ms)

========================================================================
Received Import Request.
  Time since last request: 154.446330 seconds.
  path: Assets/ZombieHunter/Player/FX_BloodSplatter.prefab
  artifactKey: Guid(8790358fe36e6744995310619a8cd2fd) Importer(815301076,1909f56bfc062723c751e8b465ee728b)
Start importing Assets/ZombieHunter/Player/FX_BloodSplatter.prefab using Guid(8790358fe36e6744995310619a8cd2fd) Importer(815301076,1909f56bfc062723c751e8b465ee728b)  -> (artifact id: '917747268da63d9005cce27ae4613ca2') in 0.052706 seconds
  Import took 0.089850 seconds .

========================================================================
Received Prepare
Registering precompiled user dll's ...
Registered in 0.002238 seconds.
Begin MonoManager ReloadAssembly
Native extension for WindowsStandalone target not found
Refreshing native plugins compatible for Editor in 0.67 ms, found 4 plugins.
Preloading 1 native plugins for Editor in 0.04 ms.
Invoked RoslynAnalysisRunner static constructor.
RoslynAnalysisRunner will not be running.
RoslynAnalysisRunner has terminated.
NullReferenceException: Object reference not set to an instance of an object
  at Unity.XR.Oculus.OculusLoader.AssetPathToAbsolutePath (System.String assetPath) [0x0004c] in E:\MyCode\ZombieHunter\Library\PackageCache\com.unity.xr.oculus@1.7.0\Runtime\OculusLoader.cs:243 
  at Unity.XR.Oculus.OculusLoader.EditorLoadOVRPlugin () [0x000b0] in E:\MyCode\ZombieHunter\Library\PackageCache\com.unity.xr.oculus@1.7.0\Runtime\OculusLoader.cs:228 

(Filename: Library/PackageCache/com.unity.xr.oculus@1.7.0/Runtime/OculusLoader.cs Line: 243)

Mono: successfully reloaded assembly
- Completed reload, in  0.909 seconds
Platform modules already initialized, skipping
Shader 'Oculus/OVRMRCameraFrameLit': fallback shader 'Alpha-Diffuse' not found
Refreshing native plugins compatible for Editor in 0.69 ms, found 4 plugins.
Preloading 1 native plugins for Editor in 0.03 ms.
Unloading 2181 Unused Serialized files (Serialized files now loaded: 0)
System memory in use before: 118.8 MB.
System memory in use after: 119.0 MB.

Unloading 23 unused Assets to reduce memory usage. Loaded Objects now: 2741.
Total: 2.624600 ms (FindLiveObjects: 0.552900 ms CreateObjectMapping: 0.143300 ms MarkObjects: 1.906000 ms  DeleteObjects: 0.020300 ms)

========================================================================
Received Import Request.
  Time since last request: 130.696817 seconds.
  path: Assets/ZombieHunter/Player/Player.cs
  artifactKey: Guid(7f5c86e155b3413b934cfaa0ff503964) Importer(815301076,1909f56bfc062723c751e8b465ee728b)
Start importing Assets/ZombieHunter/Player/Player.cs using Guid(7f5c86e155b3413b934cfaa0ff503964) Importer(815301076,1909f56bfc062723c751e8b465ee728b)  -> (artifact id: '70fec33dec9a7aa275325bf5c95072f9') in 0.003893 seconds
  Import took 0.007336 seconds .

========================================================================
Received Import Request.
  Time since last request: 0.027074 seconds.
  path: Assets/ZombieHunter/Player/Player.cs
  artifactKey: Guid(7f5c86e155b3413b934cfaa0ff503964) Importer(815301076,1909f56bfc062723c751e8b465ee728b)
Start importing Assets/ZombieHunter/Player/Player.cs using Guid(7f5c86e155b3413b934cfaa0ff503964) Importer(815301076,1909f56bfc062723c751e8b465ee728b)  -> (artifact id: '70fec33dec9a7aa275325bf5c95072f9') in 0.001838 seconds
  Import took 0.005768 seconds .

========================================================================
Received Import Request.
  Time since last request: 5.408470 seconds.
  path: Assets/ZombieHunter/Wave/Enemy/Configs/MaleCharacterClothesConfig.asset
  artifactKey: Guid(3d1650151c564e44587b0b788adc6c91) Importer(815301076,1909f56bfc062723c751e8b465ee728b)
Start importing Assets/ZombieHunter/Wave/Enemy/Configs/MaleCharacterClothesConfig.asset using Guid(3d1650151c564e44587b0b788adc6c91) Importer(815301076,1909f56bfc062723c751e8b465ee728b)  -> (artifact id: 'f848ebcc42c9f498893b2ccd96be09a5') in 0.014841 seconds
  Import took 0.019779 seconds .

========================================================================
Received Import Request.
  Time since last request: 0.480596 seconds.
  path: Assets/ZombieHunter/Wave/Enemy/Configs/UniversalCharacterAllConfig.asset
  artifactKey: Guid(acbf370dd750e244c87ce081a2712379) Importer(815301076,1909f56bfc062723c751e8b465ee728b)
Start importing Assets/ZombieHunter/Wave/Enemy/Configs/UniversalCharacterAllConfig.asset using Guid(acbf370dd750e244c87ce081a2712379) Importer(815301076,1909f56bfc062723c751e8b465ee728b)  -> (artifact id: '5e5afcdb0138aca7f8d5b6b102f1fae2') in 0.003497 seconds
  Import took 0.034182 seconds .

========================================================================
Received Import Request.
  Time since last request: 0.399286 seconds.
  path: Assets/ZombieHunter/Wave/Enemy/Configs/UniversalCharacterConfig.asset
  artifactKey: Guid(774d9452d74bf8a40bb1f2ca2bc7f639) Importer(815301076,1909f56bfc062723c751e8b465ee728b)
Start importing Assets/ZombieHunter/Wave/Enemy/Configs/UniversalCharacterConfig.asset using Guid(774d9452d74bf8a40bb1f2ca2bc7f639) Importer(815301076,1909f56bfc062723c751e8b465ee728b)  -> (artifact id: '201f3ca449d8f4ba99eaedb7c348ff90') in 0.002699 seconds
  Import took 0.007820 seconds .

========================================================================
Received Prepare
Registering precompiled user dll's ...
Registered in 0.002259 seconds.
Begin MonoManager ReloadAssembly
Native extension for WindowsStandalone target not found
Refreshing native plugins compatible for Editor in 0.69 ms, found 4 plugins.
Preloading 1 native plugins for Editor in 0.04 ms.
Invoked RoslynAnalysisRunner static constructor.
RoslynAnalysisRunner will not be running.
RoslynAnalysisRunner has terminated.
NullReferenceException: Object reference not set to an instance of an object
  at Unity.XR.Oculus.OculusLoader.AssetPathToAbsolutePath (System.String assetPath) [0x0004c] in E:\MyCode\ZombieHunter\Library\PackageCache\com.unity.xr.oculus@1.7.0\Runtime\OculusLoader.cs:243 
  at Unity.XR.Oculus.OculusLoader.EditorLoadOVRPlugin () [0x000b0] in E:\MyCode\ZombieHunter\Library\PackageCache\com.unity.xr.oculus@1.7.0\Runtime\OculusLoader.cs:228 

(Filename: Library/PackageCache/com.unity.xr.oculus@1.7.0/Runtime/OculusLoader.cs Line: 243)

Mono: successfully reloaded assembly
- Completed reload, in  1.066 seconds
Platform modules already initialized, skipping
Shader 'Oculus/OVRMRCameraFrameLit': fallback shader 'Alpha-Diffuse' not found
Refreshing native plugins compatible for Editor in 1.45 ms, found 4 plugins.
Preloading 1 native plugins for Editor in 0.19 ms.
Unloading 2181 Unused Serialized files (Serialized files now loaded: 0)
System memory in use before: 118.9 MB.
System memory in use after: 119.1 MB.

Unloading 23 unused Assets to reduce memory usage. Loaded Objects now: 2744.
Total: 4.910900 ms (FindLiveObjects: 0.514000 ms CreateObjectMapping: 0.234400 ms MarkObjects: 4.129300 ms  DeleteObjects: 0.031400 ms)

========================================================================
Received Import Request.
  Time since last request: 53.439053 seconds.
  path: Assets/ZombieHunter/Player/FX_BloodSplatter.prefab
  artifactKey: Guid(8790358fe36e6744995310619a8cd2fd) Importer(815301076,1909f56bfc062723c751e8b465ee728b)
Start importing Assets/ZombieHunter/Player/FX_BloodSplatter.prefab using Guid(8790358fe36e6744995310619a8cd2fd) Importer(815301076,1909f56bfc062723c751e8b465ee728b)  -> (artifact id: '46c541c083757d198cb6aabfbffd6fe6') in 0.051510 seconds
  Import took 0.085091 seconds .

========================================================================
Received Import Request.
  Time since last request: 53.698298 seconds.
  path: Assets/ZombieHunter/Wave/Enemy/EnemyBloodS[latter.prefab
  artifactKey: Guid(730bd00725256054bba4c7d7ef3b0053) Importer(815301076,1909f56bfc062723c751e8b465ee728b)
Start importing Assets/ZombieHunter/Wave/Enemy/EnemyBloodS[latter.prefab using Guid(730bd00725256054bba4c7d7ef3b0053) Importer(815301076,1909f56bfc062723c751e8b465ee728b)  -> (artifact id: 'd8f362e86104bfa4caf8306c7660b28e') in 0.004620 seconds
  Import took 0.008715 seconds .

========================================================================
Received Import Request.
  Time since last request: 0.007424 seconds.
  path: Assets/ZombieHunter/Wave/Enemy/EnemyBloodS[latter.prefab
  artifactKey: Guid(730bd00725256054bba4c7d7ef3b0053) Importer(815301076,1909f56bfc062723c751e8b465ee728b)
Start importing Assets/ZombieHunter/Wave/Enemy/EnemyBloodS[latter.prefab using Guid(730bd00725256054bba4c7d7ef3b0053) Importer(815301076,1909f56bfc062723c751e8b465ee728b)  -> (artifact id: 'd8f362e86104bfa4caf8306c7660b28e') in 0.004160 seconds
  Import took 0.008161 seconds .

========================================================================
Received Import Request.
  Time since last request: 5.768895 seconds.
  path: Assets/ZombieHunter/Wave/Enemy/EnemyBloodSplatter.prefab
  artifactKey: Guid(730bd00725256054bba4c7d7ef3b0053) Importer(815301076,1909f56bfc062723c751e8b465ee728b)
Start importing Assets/ZombieHunter/Wave/Enemy/EnemyBloodSplatter.prefab using Guid(730bd00725256054bba4c7d7ef3b0053) Importer(815301076,1909f56bfc062723c751e8b465ee728b)  -> (artifact id: '6fa710f42607e3cd9636aececab1b43b') in 0.004574 seconds
  Import took 0.008517 seconds .

========================================================================
Received Import Request.
  Time since last request: 0.000558 seconds.
  path: Assets/ZombieHunter/Wave/Enemy/EnemyBloodSplatter.prefab
  artifactKey: Guid(730bd00725256054bba4c7d7ef3b0053) Importer(815301076,1909f56bfc062723c751e8b465ee728b)
Start importing Assets/ZombieHunter/Wave/Enemy/EnemyBloodSplatter.prefab using Guid(730bd00725256054bba4c7d7ef3b0053) Importer(815301076,1909f56bfc062723c751e8b465ee728b)  -> (artifact id: '6fa710f42607e3cd9636aececab1b43b') in 0.003606 seconds
  Import took 0.006944 seconds .

========================================================================
Received Import Request.
  Time since last request: 9.609493 seconds.
  path: Assets/ZombieHunter/Player/PlayerBloodySplatter.prefab
  artifactKey: Guid(8790358fe36e6744995310619a8cd2fd) Importer(815301076,1909f56bfc062723c751e8b465ee728b)
Start importing Assets/ZombieHunter/Player/PlayerBloodySplatter.prefab using Guid(8790358fe36e6744995310619a8cd2fd) Importer(815301076,1909f56bfc062723c751e8b465ee728b)  -> (artifact id: '5357eabbe03317323214f1994e8f89d9') in 0.004028 seconds
  Import took 0.034168 seconds .

========================================================================
Received Import Request.
  Time since last request: 0.015805 seconds.
  path: Assets/ZombieHunter/Player/PlayerBloodySplatter.prefab
  artifactKey: Guid(8790358fe36e6744995310619a8cd2fd) Importer(815301076,1909f56bfc062723c751e8b465ee728b)
Start importing Assets/ZombieHunter/Player/PlayerBloodySplatter.prefab using Guid(8790358fe36e6744995310619a8cd2fd) Importer(815301076,1909f56bfc062723c751e8b465ee728b)  -> (artifact id: '5357eabbe03317323214f1994e8f89d9') in 0.003231 seconds
  Import took 0.007124 seconds .

========================================================================
Received Prepare
Registering precompiled user dll's ...
Registered in 0.002279 seconds.
Begin MonoManager ReloadAssembly
Native extension for WindowsStandalone target not found
Refreshing native plugins compatible for Editor in 1.70 ms, found 4 plugins.
Preloading 1 native plugins for Editor in 0.07 ms.
Invoked RoslynAnalysisRunner static constructor.
RoslynAnalysisRunner will not be running.
RoslynAnalysisRunner has terminated.
NullReferenceException: Object reference not set to an instance of an object
  at Unity.XR.Oculus.OculusLoader.AssetPathToAbsolutePath (System.String assetPath) [0x0004c] in E:\MyCode\ZombieHunter\Library\PackageCache\com.unity.xr.oculus@1.7.0\Runtime\OculusLoader.cs:243 
  at Unity.XR.Oculus.OculusLoader.EditorLoadOVRPlugin () [0x000b0] in E:\MyCode\ZombieHunter\Library\PackageCache\com.unity.xr.oculus@1.7.0\Runtime\OculusLoader.cs:228 

(Filename: Library/PackageCache/com.unity.xr.oculus@1.7.0/Runtime/OculusLoader.cs Line: 243)

Mono: successfully reloaded assembly
- Completed reload, in  0.956 seconds
Platform modules already initialized, skipping
Shader 'Oculus/OVRMRCameraFrameLit': fallback shader 'Alpha-Diffuse' not found
Refreshing native plugins compatible for Editor in 0.89 ms, found 4 plugins.
Preloading 1 native plugins for Editor in 0.04 ms.
Unloading 2181 Unused Serialized files (Serialized files now loaded: 0)
System memory in use before: 118.9 MB.
System memory in use after: 119.1 MB.

Unloading 23 unused Assets to reduce memory usage. Loaded Objects now: 2747.
Total: 2.931700 ms (FindLiveObjects: 0.672700 ms CreateObjectMapping: 0.129600 ms MarkObjects: 2.090900 ms  DeleteObjects: 0.036200 ms)

========================================================================
Received Import Request.
  Time since last request: 52.461953 seconds.
  path: Assets/ZombieHunter/Wave/Enemy/EnemyBloodSplatter.prefab
  artifactKey: Guid(730bd00725256054bba4c7d7ef3b0053) Importer(815301076,1909f56bfc062723c751e8b465ee728b)
Start importing Assets/ZombieHunter/Wave/Enemy/EnemyBloodSplatter.prefab using Guid(730bd00725256054bba4c7d7ef3b0053) Importer(815301076,1909f56bfc062723c751e8b465ee728b)  -> (artifact id: 'fe99ebdc8c7e462f746a8adc9c58bd74') in 0.045988 seconds
  Import took 0.050852 seconds .

========================================================================
Received Prepare
Registering precompiled user dll's ...
Registered in 0.002276 seconds.
Begin MonoManager ReloadAssembly
Native extension for WindowsStandalone target not found
Refreshing native plugins compatible for Editor in 1.09 ms, found 4 plugins.
Preloading 1 native plugins for Editor in 0.07 ms.
Invoked RoslynAnalysisRunner static constructor.
RoslynAnalysisRunner will not be running.
RoslynAnalysisRunner has terminated.
NullReferenceException: Object reference not set to an instance of an object
  at Unity.XR.Oculus.OculusLoader.AssetPathToAbsolutePath (System.String assetPath) [0x0004c] in E:\MyCode\ZombieHunter\Library\PackageCache\com.unity.xr.oculus@1.7.0\Runtime\OculusLoader.cs:243 
  at Unity.XR.Oculus.OculusLoader.EditorLoadOVRPlugin () [0x000b0] in E:\MyCode\ZombieHunter\Library\PackageCache\com.unity.xr.oculus@1.7.0\Runtime\OculusLoader.cs:228 

(Filename: Library/PackageCache/com.unity.xr.oculus@1.7.0/Runtime/OculusLoader.cs Line: 243)

Mono: successfully reloaded assembly
- Completed reload, in  0.974 seconds
Platform modules already initialized, skipping
Shader 'Oculus/OVRMRCameraFrameLit': fallback shader 'Alpha-Diffuse' not found
Refreshing native plugins compatible for Editor in 0.73 ms, found 4 plugins.
Preloading 1 native plugins for Editor in 0.03 ms.
Unloading 2181 Unused Serialized files (Serialized files now loaded: 0)
System memory in use before: 118.9 MB.
System memory in use after: 119.1 MB.

Unloading 23 unused Assets to reduce memory usage. Loaded Objects now: 2750.
Total: 2.304100 ms (FindLiveObjects: 0.343700 ms CreateObjectMapping: 0.124000 ms MarkObjects: 1.812600 ms  DeleteObjects: 0.022400 ms)

========================================================================
Received Prepare
Registering precompiled user dll's ...
Registered in 0.002259 seconds.
Begin MonoManager ReloadAssembly
Native extension for WindowsStandalone target not found
Refreshing native plugins compatible for Editor in 0.67 ms, found 4 plugins.
Preloading 1 native plugins for Editor in 0.04 ms.
Invoked RoslynAnalysisRunner static constructor.
RoslynAnalysisRunner will not be running.
RoslynAnalysisRunner has terminated.
NullReferenceException: Object reference not set to an instance of an object
  at Unity.XR.Oculus.OculusLoader.AssetPathToAbsolutePath (System.String assetPath) [0x0004c] in E:\MyCode\ZombieHunter\Library\PackageCache\com.unity.xr.oculus@1.7.0\Runtime\OculusLoader.cs:243 
  at Unity.XR.Oculus.OculusLoader.EditorLoadOVRPlugin () [0x000b0] in E:\MyCode\ZombieHunter\Library\PackageCache\com.unity.xr.oculus@1.7.0\Runtime\OculusLoader.cs:228 

(Filename: Library/PackageCache/com.unity.xr.oculus@1.7.0/Runtime/OculusLoader.cs Line: 243)

Mono: successfully reloaded assembly
- Completed reload, in  0.910 seconds
Platform modules already initialized, skipping
Shader 'Oculus/OVRMRCameraFrameLit': fallback shader 'Alpha-Diffuse' not found
Refreshing native plugins compatible for Editor in 0.85 ms, found 4 plugins.
Preloading 1 native plugins for Editor in 0.04 ms.
Unloading 2181 Unused Serialized files (Serialized files now loaded: 0)
System memory in use before: 118.9 MB.
System memory in use after: 119.1 MB.

Unloading 23 unused Assets to reduce memory usage. Loaded Objects now: 2753.
Total: 4.853800 ms (FindLiveObjects: 0.719700 ms CreateObjectMapping: 0.262400 ms MarkObjects: 3.810200 ms  DeleteObjects: 0.058100 ms)

========================================================================
Received Prepare
Registering precompiled user dll's ...
Registered in 0.003177 seconds.
Begin MonoManager ReloadAssembly
Native extension for WindowsStandalone target not found
Refreshing native plugins compatible for Editor in 0.68 ms, found 4 plugins.
Preloading 1 native plugins for Editor in 0.04 ms.
Invoked RoslynAnalysisRunner static constructor.
RoslynAnalysisRunner will not be running.
RoslynAnalysisRunner has terminated.
NullReferenceException: Object reference not set to an instance of an object
  at Unity.XR.Oculus.OculusLoader.AssetPathToAbsolutePath (System.String assetPath) [0x0004c] in E:\MyCode\ZombieHunter\Library\PackageCache\com.unity.xr.oculus@1.7.0\Runtime\OculusLoader.cs:243 
  at Unity.XR.Oculus.OculusLoader.EditorLoadOVRPlugin () [0x000b0] in E:\MyCode\ZombieHunter\Library\PackageCache\com.unity.xr.oculus@1.7.0\Runtime\OculusLoader.cs:228 

(Filename: Library/PackageCache/com.unity.xr.oculus@1.7.0/Runtime/OculusLoader.cs Line: 243)

Mono: successfully reloaded assembly
- Completed reload, in  0.957 seconds
Platform modules already initialized, skipping
Shader 'Oculus/OVRMRCameraFrameLit': fallback shader 'Alpha-Diffuse' not found
Refreshing native plugins compatible for Editor in 0.69 ms, found 4 plugins.
Preloading 1 native plugins for Editor in 0.04 ms.
Unloading 2181 Unused Serialized files (Serialized files now loaded: 0)
System memory in use before: 118.8 MB.
System memory in use after: 119.0 MB.

Unloading 23 unused Assets to reduce memory usage. Loaded Objects now: 2756.
Total: 2.766100 ms (FindLiveObjects: 0.565500 ms CreateObjectMapping: 0.152900 ms MarkObjects: 2.026900 ms  DeleteObjects: 0.019900 ms)

========================================================================
Received Import Request.
  Time since last request: 156.795997 seconds.
  path: Assets/ZombieHunter/Player/PlayerBloodySplatter.prefab
  artifactKey: Guid(8790358fe36e6744995310619a8cd2fd) Importer(815301076,1909f56bfc062723c751e8b465ee728b)
Start importing Assets/ZombieHunter/Player/PlayerBloodySplatter.prefab using Guid(8790358fe36e6744995310619a8cd2fd) Importer(815301076,1909f56bfc062723c751e8b465ee728b)  -> (artifact id: 'd401c072d1b7f2cebf6330d269536ef5') in 0.028221 seconds
  Import took 0.033506 seconds .

========================================================================
Received Import Request.
  Time since last request: 0.029680 seconds.
  path: Assets/ZombieHunter/Player/PlayerBloodySplatter.prefab
  artifactKey: Guid(8790358fe36e6744995310619a8cd2fd) Importer(815301076,1909f56bfc062723c751e8b465ee728b)
Start importing Assets/ZombieHunter/Player/PlayerBloodySplatter.prefab using Guid(8790358fe36e6744995310619a8cd2fd) Importer(815301076,1909f56bfc062723c751e8b465ee728b)  -> (artifact id: 'd401c072d1b7f2cebf6330d269536ef5') in 0.003610 seconds
  Import took 0.008093 seconds .

========================================================================
Received Import Request.
  Time since last request: 1.498885 seconds.
  path: Assets/ZombieHunter/Player/PlayerConfig.asset
  artifactKey: Guid(d18a5d66954f0e44995f2130d34bf836) Importer(815301076,1909f56bfc062723c751e8b465ee728b)
Start importing Assets/ZombieHunter/Player/PlayerConfig.asset using Guid(d18a5d66954f0e44995f2130d34bf836) Importer(815301076,1909f56bfc062723c751e8b465ee728b)  -> (artifact id: '5137343e46bc380960a0d6f85d5d3761') in 0.002870 seconds
  Import took 0.006561 seconds .

========================================================================
Received Import Request.
  Time since last request: 3.229440 seconds.
  path: Assets/ZombieHunter/Wave/Enemy/Configs/FemaleCharacterArmorConfig.asset
  artifactKey: Guid(ffa99b0e2b57dfc4791c2e238d8e0a9d) Importer(815301076,1909f56bfc062723c751e8b465ee728b)
Start importing Assets/ZombieHunter/Wave/Enemy/Configs/FemaleCharacterArmorConfig.asset using Guid(ffa99b0e2b57dfc4791c2e238d8e0a9d) Importer(815301076,1909f56bfc062723c751e8b465ee728b)  -> (artifact id: 'c5387c0e7564d0ad134385bedeb550d3') in 0.003557 seconds
  Import took 0.016695 seconds .

